<?xml version="1.0" encoding="utf-8"?>
<TestRun id="ce67ee23-afcb-4e11-a1f7-acab15590da4" name="@Evrens-MacBook-Pro-2 2026-04-11 14:59:09" xmlns="http://microsoft.com/schemas/VisualStudio/TeamTest/2010">
  <Times creation="2026-04-11T14:59:09.7315050+02:00" queuing="2026-04-11T14:59:09.7315050+02:00" start="2026-04-11T14:59:09.2139460+02:00" finish="2026-04-11T14:59:13.2750730+02:00" />
  <TestSettings name="default" id="3469b6a9-95f4-4704-a33a-590a60122260">
    <Deployment runDeploymentRoot="_Evrens-MacBook-Pro-2_2026-04-11_14_59_09" />
  </TestSettings>
  <Results>
    <UnitTestResult executionId="f810e3b4-a65c-40ed-947b-0cc8b97c7c06" testId="60752eef-979e-220d-d0ac-4b88f164be42" testName="VolleyballScraper.Tests.Services.StandingsScraperServiceTests.GetCompetitionsAsync_ShouldReturnCachedResults_WhenCacheHit(seasonId: &quot;2023-2024&quot;, category: &quot;YK&quot;, leagueCode: &quot;YK1L&quot;)" computerName="Evrens-MacBook-Pro-2" duration="00:00:00.0010000" startTime="2026-04-11T14:59:09.6937400+02:00" endTime="2026-04-11T14:59:09.6949040+02:00" testType="13cdc9d9-ddb5-4fa4-a97d-d965ccfc6d4b" outcome="Failed" testListId="8c84fa94-04c1-424b-9868-57a2d4851a1d" relativeResultsDirectory="f810e3b4-a65c-40ed-947b-0cc8b97c7c06">
      <Output>
        <ErrorInfo>
          <Message>System.ArgumentException : Can not instantiate proxy of class: VolleyballScraper.Api.Services.StandingsCacheService.
Could not find a parameterless constructor. (Parameter 'constructorArguments')
---- System.MissingMethodException : Constructor on type 'Castle.Proxies.StandingsCacheServiceProxy' not found.</Message>
          <StackTrace>   at Castle.DynamicProxy.ProxyGenerator.CreateClassProxyInstance(Type proxyType, List`1 proxyArguments, Type classToProxy, Object[] constructorArguments)
   at Castle.DynamicProxy.ProxyGenerator.CreateClassProxy(Type classToProxy, Type[] additionalInterfacesToProxy, ProxyGenerationOptions options, Object[] constructorArguments, IInterceptor[] interceptors)
   at Moq.CastleProxyFactory.CreateProxy(Type mockType, IInterceptor interceptor, Type[] interfaces, Object[] arguments) in /_/src/Moq/Interception/CastleProxyFactory.cs:line 62
   at Moq.Mock`1.InitializeInstance() in /_/src/Moq/Mock`1.cs:line 309
   at Moq.Mock`1.OnGetObject() in /_/src/Moq/Mock`1.cs:line 323
   at Moq.Mock.get_Object() in /_/src/Moq/Mock.cs:line 181
   at Moq.Mock`1.get_Object() in /_/src/Moq/Mock`1.cs:line 281
   at VolleyballScraper.Tests.Services.StandingsScraperServiceTests..ctor() in /Users/evrenyeniev/Projects/www/goztepe-volleyball-scraper/backend/VolleyballScraper.Tests/Services/StandingsScraperServiceTests.cs:line 22
   at System.RuntimeType.CreateInstanceDefaultCtor(Boolean publicOnly, Boolean wrapExceptions)
----- Inner Stack Trace -----
   at System.RuntimeType.CreateInstanceImpl(BindingFlags bindingAttr, Binder binder, Object[] args, CultureInfo culture)
   at Castle.DynamicProxy.ProxyGenerator.CreateClassProxyInstance(Type proxyType, List`1 proxyArguments, Type classToProxy, Object[] constructorArguments)</StackTrace>
        </ErrorInfo>
      </Output>
    </UnitTestResult>
    <UnitTestResult executionId="c8bf35e2-d9e6-4b21-a3dc-02eb631b070b" testId="cc15c092-c826-0184-18fb-19fcf64de139" testName="VolleyballScraper.Tests.Services.StandingsScraperServiceTests.GetCompetitionsAsync_ShouldReturnEmptyList_WhenCacheMissAndHttpFails" computerName="Evrens-MacBook-Pro-2" duration="00:00:00.0010000" startTime="2026-04-11T14:59:09.7112340+02:00" endTime="2026-04-11T14:59:09.7118680+02:00" testType="13cdc9d9-ddb5-4fa4-a97d-d965ccfc6d4b" outcome="Failed" testListId="8c84fa94-04c1-424b-9868-57a2d4851a1d" relativeResultsDirectory="c8bf35e2-d9e6-4b21-a3dc-02eb631b070b">
      <Output>
        <ErrorInfo>
          <Message>System.ArgumentException : Can not instantiate proxy of class: VolleyballScraper.Api.Services.StandingsCacheService.
Could not find a parameterless constructor. (Parameter 'constructorArguments')
---- System.MissingMethodException : Constructor on type 'Castle.Proxies.StandingsCacheServiceProxy' not found.</Message>
          <StackTrace>   at Castle.DynamicProxy.ProxyGenerator.CreateClassProxyInstance(Type proxyType, List`1 proxyArguments, Type classToProxy, Object[] constructorArguments)
   at Castle.DynamicProxy.ProxyGenerator.CreateClassProxy(Type classToProxy, Type[] additionalInterfacesToProxy, ProxyGenerationOptions options, Object[] constructorArguments, IInterceptor[] interceptors)
   at Moq.CastleProxyFactory.CreateProxy(Type mockType, IInterceptor interceptor, Type[] interfaces, Object[] arguments) in /_/src/Moq/Interception/CastleProxyFactory.cs:line 62
   at Moq.Mock`1.InitializeInstance() in /_/src/Moq/Mock`1.cs:line 309
   at Moq.Mock`1.OnGetObject() in /_/src/Moq/Mock`1.cs:line 323
   at Moq.Mock.get_Object() in /_/src/Moq/Mock.cs:line 181
   at Moq.Mock`1.get_Object() in /_/src/Moq/Mock`1.cs:line 281
   at VolleyballScraper.Tests.Services.StandingsScraperServiceTests..ctor() in /Users/evrenyeniev/Projects/www/goztepe-volleyball-scraper/backend/VolleyballScraper.Tests/Services/StandingsScraperServiceTests.cs:line 22
   at System.RuntimeType.CreateInstanceDefaultCtor(Boolean publicOnly, Boolean wrapExceptions)
----- Inner Stack Trace -----
   at System.RuntimeType.CreateInstanceImpl(BindingFlags bindingAttr, Binder binder, Object[] args, CultureInfo culture)
   at Castle.DynamicProxy.ProxyGenerator.CreateClassProxyInstance(Type proxyType, List`1 proxyArguments, Type classToProxy, Object[] constructorArguments)</StackTrace>
        </ErrorInfo>
      </Output>
    </UnitTestResult>
    <UnitTestResult executionId="2aa4ded9-4e28-4889-a041-3b0a7fa8b5d8" testId="4c7cc9ee-ff67-cbc5-4277-95fcd26f3768" testName="VolleyballScraper.Tests.Integration.StandingsApiIntegrationTests.GetCompetitions_ShouldHandleInvalidSeasons(seasonId: &quot;2020-2021&quot;)" computerName="Evrens-MacBook-Pro-2" duration="00:00:00.4980784" startTime="2026-04-11T14:59:12.2291900+02:00" endTime="2026-04-11T14:59:12.7266530+02:00" testType="13cdc9d9-ddb5-4fa4-a97d-d965ccfc6d4b" outcome="Passed" testListId="8c84fa94-04c1-424b-9868-57a2d4851a1d" relativeResultsDirectory="2aa4ded9-4e28-4889-a041-3b0a7fa8b5d8" />
    <UnitTestResult executionId="29c13166-a0a0-4841-83ab-f54d73a40c84" testId="58884c02-51bc-d757-4575-c88583727178" testName="VolleyballScraper.Tests.Controllers.StandingsControllerTests.GetStandings_ShouldReturnBadRequest_WhenRequiredFieldsMissing(seasonId: &quot;2025&quot;, category: &quot;&quot;, leagueCode: &quot;GKSL&quot;, competitionName: &quot;comp&quot;)" computerName="Evrens-MacBook-Pro-2" duration="00:00:00.0010000" startTime="2026-04-11T14:59:09.6945660+02:00" endTime="2026-04-11T14:59:09.6945970+02:00" testType="13cdc9d9-ddb5-4fa4-a97d-d965ccfc6d4b" outcome="Failed" testListId="8c84fa94-04c1-424b-9868-57a2d4851a1d" relativeResultsDirectory="29c13166-a0a0-4841-83ab-f54d73a40c84">
      <Output>
        <ErrorInfo>
          <Message>System.ArgumentException : Can not instantiate proxy of class: VolleyballScraper.Api.Services.StandingsScraperService.
Could not find a parameterless constructor. (Parameter 'constructorArguments')
---- System.MissingMethodException : Constructor on type 'Castle.Proxies.StandingsScraperServiceProxy' not found.</Message>
          <StackTrace>   at Castle.DynamicProxy.ProxyGenerator.CreateClassProxyInstance(Type proxyType, List`1 proxyArguments, Type classToProxy, Object[] constructorArguments)
   at Castle.DynamicProxy.ProxyGenerator.CreateClassProxy(Type classToProxy, Type[] additionalInterfacesToProxy, ProxyGenerationOptions options, Object[] constructorArguments, IInterceptor[] interceptors)
   at Moq.CastleProxyFactory.CreateProxy(Type mockType, IInterceptor interceptor, Type[] interfaces, Object[] arguments) in /_/src/Moq/Interception/CastleProxyFactory.cs:line 62
   at Moq.Mock`1.InitializeInstance() in /_/src/Moq/Mock`1.cs:line 309
   at Moq.Mock`1.OnGetObject() in /_/src/Moq/Mock`1.cs:line 323
   at Moq.Mock.get_Object() in /_/src/Moq/Mock.cs:line 181
   at Moq.Mock`1.get_Object() in /_/src/Moq/Mock`1.cs:line 281
   at VolleyballScraper.Tests.Controllers.StandingsControllerTests..ctor() in /Users/evrenyeniev/Projects/www/goztepe-volleyball-scraper/backend/VolleyballScraper.Tests/Controllers/StandingsControllerTests.cs:line 21
   at System.RuntimeType.CreateInstanceDefaultCtor(Boolean publicOnly, Boolean wrapExceptions)
----- Inner Stack Trace -----
   at System.RuntimeType.CreateInstanceImpl(BindingFlags bindingAttr, Binder binder, Object[] args, CultureInfo culture)
   at Castle.DynamicProxy.ProxyGenerator.CreateClassProxyInstance(Type proxyType, List`1 proxyArguments, Type classToProxy, Object[] constructorArguments)</StackTrace>
        </ErrorInfo>
      </Output>
    </UnitTestResult>
    <UnitTestResult executionId="f0b01863-7cbe-4d97-9b74-e6f909733b39" testId="cdf14b70-9f29-4ea6-c61c-cac6b700dbf5" testName="VolleyballScraper.Tests.Integration.StandingsApiIntegrationTests.GetCompetitions_ShouldHandleInvalidSeasons(seasonId: &quot;&quot;)" computerName="Evrens-MacBook-Pro-2" duration="00:00:00.0021061" startTime="2026-04-11T14:59:13.2316820+02:00" endTime="2026-04-11T14:59:13.2340250+02:00" testType="13cdc9d9-ddb5-4fa4-a97d-d965ccfc6d4b" outcome="Failed" testListId="8c84fa94-04c1-424b-9868-57a2d4851a1d" relativeResultsDirectory="f0b01863-7cbe-4d97-9b74-e6f909733b39">
      <Output>
        <ErrorInfo>
          <Message>Expected the enum to be HttpStatusCode.BadRequest {value: 400}, but found HttpStatusCode.OK {value: 200}.</Message>
          <StackTrace>   at FluentAssertions.Primitives.EnumAssertions`2.Be(TEnum expected, String because, Object[] becauseArgs)
   at VolleyballScraper.Tests.Integration.StandingsApiIntegrationTests.GetCompetitions_ShouldHandleInvalidSeasons(String seasonId) in /Users/evrenyeniev/Projects/www/goztepe-volleyball-scraper/backend/VolleyballScraper.Tests/Integration/StandingsApiIntegrationTests.cs:line 138
--- End of stack trace from previous location ---</StackTrace>
        </ErrorInfo>
      </Output>
    </UnitTestResult>
    <UnitTestResult executionId="fe2c6312-69ca-4459-aa5b-c53a298fbd73" testId="c22e91ed-b701-d945-e997-68f3e13ff9e2" testName="VolleyballScraper.Tests.Controllers.StandingsControllerTests.GetStandings_ShouldReturnBadRequest_WhenRequiredFieldsMissing(seasonId: &quot;2025&quot;, category: &quot;GK&quot;, leagueCode: &quot;&quot;, competitionName: &quot;comp&quot;)" computerName="Evrens-MacBook-Pro-2" duration="00:00:00.0010000" startTime="2026-04-11T14:59:09.6955620+02:00" endTime="2026-04-11T14:59:09.7112650+02:00" testType="13cdc9d9-ddb5-4fa4-a97d-d965ccfc6d4b" outcome="Failed" testListId="8c84fa94-04c1-424b-9868-57a2d4851a1d" relativeResultsDirectory="fe2c6312-69ca-4459-aa5b-c53a298fbd73">
      <Output>
        <ErrorInfo>
          <Message>System.ArgumentException : Can not instantiate proxy of class: VolleyballScraper.Api.Services.StandingsScraperService.
Could not find a parameterless constructor. (Parameter 'constructorArguments')
---- System.MissingMethodException : Constructor on type 'Castle.Proxies.StandingsScraperServiceProxy' not found.</Message>
          <StackTrace>   at Castle.DynamicProxy.ProxyGenerator.CreateClassProxyInstance(Type proxyType, List`1 proxyArguments, Type classToProxy, Object[] constructorArguments)
   at Castle.DynamicProxy.ProxyGenerator.CreateClassProxy(Type classToProxy, Type[] additionalInterfacesToProxy, ProxyGenerationOptions options, Object[] constructorArguments, IInterceptor[] interceptors)
   at Moq.CastleProxyFactory.CreateProxy(Type mockType, IInterceptor interceptor, Type[] interfaces, Object[] arguments) in /_/src/Moq/Interception/CastleProxyFactory.cs:line 62
   at Moq.Mock`1.InitializeInstance() in /_/src/Moq/Mock`1.cs:line 309
   at Moq.Mock`1.OnGetObject() in /_/src/Moq/Mock`1.cs:line 323
   at Moq.Mock.get_Object() in /_/src/Moq/Mock.cs:line 181
   at Moq.Mock`1.get_Object() in /_/src/Moq/Mock`1.cs:line 281
   at VolleyballScraper.Tests.Controllers.StandingsControllerTests..ctor() in /Users/evrenyeniev/Projects/www/goztepe-volleyball-scraper/backend/VolleyballScraper.Tests/Controllers/StandingsControllerTests.cs:line 21
   at System.RuntimeType.CreateInstanceDefaultCtor(Boolean publicOnly, Boolean wrapExceptions)
----- Inner Stack Trace -----
   at System.RuntimeType.CreateInstanceImpl(BindingFlags bindingAttr, Binder binder, Object[] args, CultureInfo culture)
   at Castle.DynamicProxy.ProxyGenerator.CreateClassProxyInstance(Type proxyType, List`1 proxyArguments, Type classToProxy, Object[] constructorArguments)</StackTrace>
        </ErrorInfo>
      </Output>
    </UnitTestResult>
    <UnitTestResult executionId="8c21e4fd-8609-4ef4-a66d-499bd68ca1b9" testId="f824d80b-8269-342e-375e-a12a486347d3" testName="VolleyballScraper.Tests.Integration.StandingsApiIntegrationTests.Api_ShouldReturnGoztepeData_WhenGoztepeExists" computerName="Evrens-MacBook-Pro-2" duration="00:00:00.5134904" startTime="2026-04-11T14:59:11.7145860+02:00" endTime="2026-04-11T14:59:12.2283020+02:00" testType="13cdc9d9-ddb5-4fa4-a97d-d965ccfc6d4b" outcome="Failed" testListId="8c84fa94-04c1-424b-9868-57a2d4851a1d" relativeResultsDirectory="8c21e4fd-8609-4ef4-a66d-499bd68ca1b9">
      <Output>
        <ErrorInfo>
          <Message>System.Text.Json.JsonException : The JSON value could not be converted to System.Collections.Generic.List`1[VolleyballScraper.Api.Models.Standings.Competition]. Path: $ | LineNumber: 0 | BytePositionInLine: 1.</Message>
          <StackTrace>   at System.Text.Json.ThrowHelper.ThrowJsonException_DeserializeUnableToConvertValue(Type propertyType)
   at System.Text.Json.Serialization.JsonCollectionConverter`2.OnTryRead(Utf8JsonReader&amp; reader, Type typeToConvert, JsonSerializerOptions options, ReadStack&amp; state, TCollection&amp; value)
   at System.Text.Json.Serialization.JsonConverter`1.TryRead(Utf8JsonReader&amp; reader, Type typeToConvert, JsonSerializerOptions options, ReadStack&amp; state, T&amp; value, Boolean&amp; isPopulatedValue)
   at System.Text.Json.Serialization.JsonConverter`1.ReadCore(Utf8JsonReader&amp; reader, T&amp; value, JsonSerializerOptions options, ReadStack&amp; state)
   at System.Text.Json.Serialization.Metadata.JsonTypeInfo`1.ContinueDeserialize[TReadBufferState,TStream](TReadBufferState&amp; bufferState, JsonReaderState&amp; jsonReaderState, ReadStack&amp; readStack, T&amp; value)
   at System.Text.Json.Serialization.Metadata.JsonTypeInfo`1.DeserializeAsync[TReadBufferState,TStream](TStream utf8Json, TReadBufferState bufferState, CancellationToken cancellationToken)
   at System.Net.Http.Json.HttpContentJsonExtensions.ReadFromJsonAsyncCore[T](HttpContent content, JsonSerializerOptions options, CancellationToken cancellationToken)
   at VolleyballScraper.Tests.Integration.StandingsApiIntegrationTests.Api_ShouldReturnGoztepeData_WhenGoztepeExists() in /Users/evrenyeniev/Projects/www/goztepe-volleyball-scraper/backend/VolleyballScraper.Tests/Integration/StandingsApiIntegrationTests.cs:line 159
--- End of stack trace from previous location ---</StackTrace>
        </ErrorInfo>
      </Output>
    </UnitTestResult>
    <UnitTestResult executionId="e7054a13-67e2-489e-8c69-198d28ad9cf0" testId="76bf40ca-89ff-9877-50f4-b62ec57b48ce" testName="VolleyballScraper.Tests.Integration.StandingsApiIntegrationTests.GetCompetitions_ShouldReturn200_WithValidRequest" computerName="Evrens-MacBook-Pro-2" duration="00:00:00.0016859" startTime="2026-04-11T14:59:13.2373860+02:00" endTime="2026-04-11T14:59:13.2388450+02:00" testType="13cdc9d9-ddb5-4fa4-a97d-d965ccfc6d4b" outcome="Failed" testListId="8c84fa94-04c1-424b-9868-57a2d4851a1d" relativeResultsDirectory="e7054a13-67e2-489e-8c69-198d28ad9cf0">
      <Output>
        <ErrorInfo>
          <Message>System.Text.Json.JsonException : The JSON value could not be converted to System.Collections.Generic.List`1[VolleyballScraper.Api.Models.Standings.Competition]. Path: $ | LineNumber: 0 | BytePositionInLine: 1.</Message>
          <StackTrace>   at System.Text.Json.ThrowHelper.ThrowJsonException_DeserializeUnableToConvertValue(Type propertyType)
   at System.Text.Json.Serialization.JsonCollectionConverter`2.OnTryRead(Utf8JsonReader&amp; reader, Type typeToConvert, JsonSerializerOptions options, ReadStack&amp; state, TCollection&amp; value)
   at System.Text.Json.Serialization.JsonConverter`1.TryRead(Utf8JsonReader&amp; reader, Type typeToConvert, JsonSerializerOptions options, ReadStack&amp; state, T&amp; value, Boolean&amp; isPopulatedValue)
   at System.Text.Json.Serialization.JsonConverter`1.ReadCore(Utf8JsonReader&amp; reader, T&amp; value, JsonSerializerOptions options, ReadStack&amp; state)
   at System.Text.Json.Serialization.Metadata.JsonTypeInfo`1.ContinueDeserialize[TReadBufferState,TStream](TReadBufferState&amp; bufferState, JsonReaderState&amp; jsonReaderState, ReadStack&amp; readStack, T&amp; value)
   at System.Text.Json.Serialization.Metadata.JsonTypeInfo`1.DeserializeAsync[TReadBufferState,TStream](TStream utf8Json, TReadBufferState bufferState, CancellationToken cancellationToken)
   at System.Net.Http.Json.HttpContentJsonExtensions.ReadFromJsonAsyncCore[T](HttpContent content, JsonSerializerOptions options, CancellationToken cancellationToken)
   at VolleyballScraper.Tests.Integration.StandingsApiIntegrationTests.GetCompetitions_ShouldReturn200_WithValidRequest() in /Users/evrenyeniev/Projects/www/goztepe-volleyball-scraper/backend/VolleyballScraper.Tests/Integration/StandingsApiIntegrationTests.cs:line 37
--- End of stack trace from previous location ---</StackTrace>
        </ErrorInfo>
      </Output>
    </UnitTestResult>
    <UnitTestResult executionId="0b6bbe72-26c4-4daf-a02d-ff70b2f515b3" testId="09ae88c7-ab14-a484-ea81-9fc90cfcfef6" testName="VolleyballScraper.Tests.Services.StandingsScraperServiceTests.GetCompetitionsAsync_ShouldThrowArgumentException_WhenSeasonIdInvalid(invalidSeasonId: &quot;   &quot;)" computerName="Evrens-MacBook-Pro-2" duration="00:00:00.0010000" startTime="2026-04-11T14:59:09.7128680+02:00" endTime="2026-04-11T14:59:09.7134590+02:00" testType="13cdc9d9-ddb5-4fa4-a97d-d965ccfc6d4b" outcome="Failed" testListId="8c84fa94-04c1-424b-9868-57a2d4851a1d" relativeResultsDirectory="0b6bbe72-26c4-4daf-a02d-ff70b2f515b3">
      <Output>
        <ErrorInfo>
          <Message>System.ArgumentException : Can not instantiate proxy of class: VolleyballScraper.Api.Services.StandingsCacheService.
Could not find a parameterless constructor. (Parameter 'constructorArguments')
---- System.MissingMethodException : Constructor on type 'Castle.Proxies.StandingsCacheServiceProxy' not found.</Message>
          <StackTrace>   at Castle.DynamicProxy.ProxyGenerator.CreateClassProxyInstance(Type proxyType, List`1 proxyArguments, Type classToProxy, Object[] constructorArguments)
   at Castle.DynamicProxy.ProxyGenerator.CreateClassProxy(Type classToProxy, Type[] additionalInterfacesToProxy, ProxyGenerationOptions options, Object[] constructorArguments, IInterceptor[] interceptors)
   at Moq.CastleProxyFactory.CreateProxy(Type mockType, IInterceptor interceptor, Type[] interfaces, Object[] arguments) in /_/src/Moq/Interception/CastleProxyFactory.cs:line 62
   at Moq.Mock`1.InitializeInstance() in /_/src/Moq/Mock`1.cs:line 309
   at Moq.Mock`1.OnGetObject() in /_/src/Moq/Mock`1.cs:line 323
   at Moq.Mock.get_Object() in /_/src/Moq/Mock.cs:line 181
   at Moq.Mock`1.get_Object() in /_/src/Moq/Mock`1.cs:line 281
   at VolleyballScraper.Tests.Services.StandingsScraperServiceTests..ctor() in /Users/evrenyeniev/Projects/www/goztepe-volleyball-scraper/backend/VolleyballScraper.Tests/Services/StandingsScraperServiceTests.cs:line 22
   at System.RuntimeType.CreateInstanceDefaultCtor(Boolean publicOnly, Boolean wrapExceptions)
----- Inner Stack Trace -----
   at System.RuntimeType.CreateInstanceImpl(BindingFlags bindingAttr, Binder binder, Object[] args, CultureInfo culture)
   at Castle.DynamicProxy.ProxyGenerator.CreateClassProxyInstance(Type proxyType, List`1 proxyArguments, Type classToProxy, Object[] constructorArguments)</StackTrace>
        </ErrorInfo>
      </Output>
    </UnitTestResult>
    <UnitTestResult executionId="7fb4b6a8-c7a5-4aac-ad55-d7ffc37cc038" testId="6d39b852-ae53-0be4-a43f-6b03079b58d4" testName="VolleyballScraper.Tests.Controllers.StandingsControllerTests.GetCompetitions_ShouldReturnBadRequest_WhenModelStateInvalid" computerName="Evrens-MacBook-Pro-2" duration="00:00:00.0010000" startTime="2026-04-11T14:59:09.7118470+02:00" endTime="2026-04-11T14:59:09.7122330+02:00" testType="13cdc9d9-ddb5-4fa4-a97d-d965ccfc6d4b" outcome="Failed" testListId="8c84fa94-04c1-424b-9868-57a2d4851a1d" relativeResultsDirectory="7fb4b6a8-c7a5-4aac-ad55-d7ffc37cc038">
      <Output>
        <ErrorInfo>
          <Message>System.ArgumentException : Can not instantiate proxy of class: VolleyballScraper.Api.Services.StandingsScraperService.
Could not find a parameterless constructor. (Parameter 'constructorArguments')
---- System.MissingMethodException : Constructor on type 'Castle.Proxies.StandingsScraperServiceProxy' not found.</Message>
          <StackTrace>   at Castle.DynamicProxy.ProxyGenerator.CreateClassProxyInstance(Type proxyType, List`1 proxyArguments, Type classToProxy, Object[] constructorArguments)
   at Castle.DynamicProxy.ProxyGenerator.CreateClassProxy(Type classToProxy, Type[] additionalInterfacesToProxy, ProxyGenerationOptions options, Object[] constructorArguments, IInterceptor[] interceptors)
   at Moq.CastleProxyFactory.CreateProxy(Type mockType, IInterceptor interceptor, Type[] interfaces, Object[] arguments) in /_/src/Moq/Interception/CastleProxyFactory.cs:line 62
   at Moq.Mock`1.InitializeInstance() in /_/src/Moq/Mock`1.cs:line 309
   at Moq.Mock`1.OnGetObject() in /_/src/Moq/Mock`1.cs:line 323
   at Moq.Mock.get_Object() in /_/src/Moq/Mock.cs:line 181
   at Moq.Mock`1.get_Object() in /_/src/Moq/Mock`1.cs:line 281
   at VolleyballScraper.Tests.Controllers.StandingsControllerTests..ctor() in /Users/evrenyeniev/Projects/www/goztepe-volleyball-scraper/backend/VolleyballScraper.Tests/Controllers/StandingsControllerTests.cs:line 21
   at System.RuntimeType.CreateInstanceDefaultCtor(Boolean publicOnly, Boolean wrapExceptions)
----- Inner Stack Trace -----
   at System.RuntimeType.CreateInstanceImpl(BindingFlags bindingAttr, Binder binder, Object[] args, CultureInfo culture)
   at Castle.DynamicProxy.ProxyGenerator.CreateClassProxyInstance(Type proxyType, List`1 proxyArguments, Type classToProxy, Object[] constructorArguments)</StackTrace>
        </ErrorInfo>
      </Output>
    </UnitTestResult>
    <UnitTestResult executionId="dfa7b731-4120-476f-809d-f8f801ecdb25" testId="f8b7538d-4dc9-de3e-0f8d-00e8afb8a753" testName="VolleyballScraper.Tests.Controllers.StandingsControllerTests.GetStandings_ShouldReturnOkResult_WithValidRequest" computerName="Evrens-MacBook-Pro-2" duration="00:00:00.0010000" startTime="2026-04-11T14:59:09.7134220+02:00" endTime="2026-04-11T14:59:09.7137480+02:00" testType="13cdc9d9-ddb5-4fa4-a97d-d965ccfc6d4b" outcome="Failed" testListId="8c84fa94-04c1-424b-9868-57a2d4851a1d" relativeResultsDirectory="dfa7b731-4120-476f-809d-f8f801ecdb25">
      <Output>
        <ErrorInfo>
          <Message>System.ArgumentException : Can not instantiate proxy of class: VolleyballScraper.Api.Services.StandingsScraperService.
Could not find a parameterless constructor. (Parameter 'constructorArguments')
---- System.MissingMethodException : Constructor on type 'Castle.Proxies.StandingsScraperServiceProxy' not found.</Message>
          <StackTrace>   at Castle.DynamicProxy.ProxyGenerator.CreateClassProxyInstance(Type proxyType, List`1 proxyArguments, Type classToProxy, Object[] constructorArguments)
   at Castle.DynamicProxy.ProxyGenerator.CreateClassProxy(Type classToProxy, Type[] additionalInterfacesToProxy, ProxyGenerationOptions options, Object[] constructorArguments, IInterceptor[] interceptors)
   at Moq.CastleProxyFactory.CreateProxy(Type mockType, IInterceptor interceptor, Type[] interfaces, Object[] arguments) in /_/src/Moq/Interception/CastleProxyFactory.cs:line 62
   at Moq.Mock`1.InitializeInstance() in /_/src/Moq/Mock`1.cs:line 309
   at Moq.Mock`1.OnGetObject() in /_/src/Moq/Mock`1.cs:line 323
   at Moq.Mock.get_Object() in /_/src/Moq/Mock.cs:line 181
   at Moq.Mock`1.get_Object() in /_/src/Moq/Mock`1.cs:line 281
   at VolleyballScraper.Tests.Controllers.StandingsControllerTests..ctor() in /Users/evrenyeniev/Projects/www/goztepe-volleyball-scraper/backend/VolleyballScraper.Tests/Controllers/StandingsControllerTests.cs:line 21
   at System.RuntimeType.CreateInstanceDefaultCtor(Boolean publicOnly, Boolean wrapExceptions)
----- Inner Stack Trace -----
   at System.RuntimeType.CreateInstanceImpl(BindingFlags bindingAttr, Binder binder, Object[] args, CultureInfo culture)
   at Castle.DynamicProxy.ProxyGenerator.CreateClassProxyInstance(Type proxyType, List`1 proxyArguments, Type classToProxy, Object[] constructorArguments)</StackTrace>
        </ErrorInfo>
      </Output>
    </UnitTestResult>
    <UnitTestResult executionId="eb6d78d6-a199-499e-ad59-f6221425530b" testId="eedd95fb-74a3-530a-0988-b0585aeded57" testName="VolleyballScraper.Tests.Integration.StandingsApiIntegrationTests.GetCompetitions_ShouldReturn400_WithEmptySeasonId" computerName="Evrens-MacBook-Pro-2" duration="00:00:00.5329317" startTime="2026-04-11T14:59:11.1805500+02:00" endTime="2026-04-11T14:59:11.7139500+02:00" testType="13cdc9d9-ddb5-4fa4-a97d-d965ccfc6d4b" outcome="Failed" testListId="8c84fa94-04c1-424b-9868-57a2d4851a1d" relativeResultsDirectory="eb6d78d6-a199-499e-ad59-f6221425530b">
      <Output>
        <ErrorInfo>
          <Message>Expected the enum to be HttpStatusCode.BadRequest {value: 400}, but found HttpStatusCode.OK {value: 200}.</Message>
          <StackTrace>   at FluentAssertions.Primitives.EnumAssertions`2.Be(TEnum expected, String because, Object[] becauseArgs)
   at VolleyballScraper.Tests.Integration.StandingsApiIntegrationTests.GetCompetitions_ShouldReturn400_WithEmptySeasonId() in /Users/evrenyeniev/Projects/www/goztepe-volleyball-scraper/backend/VolleyballScraper.Tests/Integration/StandingsApiIntegrationTests.cs:line 57
--- End of stack trace from previous location ---</StackTrace>
        </ErrorInfo>
      </Output>
    </UnitTestResult>
    <UnitTestResult executionId="4a547106-32c0-42d4-b53e-056b59c76112" testId="9eed9f0b-3f56-b27d-6393-b09377e390c8" testName="VolleyballScraper.Tests.Services.StandingsScraperServiceTests.GetCompetitionsAsync_ShouldReturnCachedResults_WhenCacheHit(seasonId: &quot;2025-2026&quot;, category: &quot;GK&quot;, leagueCode: &quot;GKSL&quot;)" computerName="Evrens-MacBook-Pro-2" duration="00:00:00.0010000" startTime="2026-04-11T14:59:09.6316940+02:00" endTime="2026-04-11T14:59:09.6897380+02:00" testType="13cdc9d9-ddb5-4fa4-a97d-d965ccfc6d4b" outcome="Failed" testListId="8c84fa94-04c1-424b-9868-57a2d4851a1d" relativeResultsDirectory="4a547106-32c0-42d4-b53e-056b59c76112">
      <Output>
        <ErrorInfo>
          <Message>System.ArgumentException : Can not instantiate proxy of class: VolleyballScraper.Api.Services.StandingsCacheService.
Could not find a parameterless constructor. (Parameter 'constructorArguments')
---- System.MissingMethodException : Constructor on type 'Castle.Proxies.StandingsCacheServiceProxy' not found.</Message>
          <StackTrace>   at Castle.DynamicProxy.ProxyGenerator.CreateClassProxyInstance(Type proxyType, List`1 proxyArguments, Type classToProxy, Object[] constructorArguments)
   at Castle.DynamicProxy.ProxyGenerator.CreateClassProxy(Type classToProxy, Type[] additionalInterfacesToProxy, ProxyGenerationOptions options, Object[] constructorArguments, IInterceptor[] interceptors)
   at Moq.CastleProxyFactory.CreateProxy(Type mockType, IInterceptor interceptor, Type[] interfaces, Object[] arguments) in /_/src/Moq/Interception/CastleProxyFactory.cs:line 62
   at Moq.Mock`1.InitializeInstance() in /_/src/Moq/Mock`1.cs:line 309
   at Moq.Mock`1.OnGetObject() in /_/src/Moq/Mock`1.cs:line 323
   at Moq.Mock.get_Object() in /_/src/Moq/Mock.cs:line 181
   at Moq.Mock`1.get_Object() in /_/src/Moq/Mock`1.cs:line 281
   at VolleyballScraper.Tests.Services.StandingsScraperServiceTests..ctor() in /Users/evrenyeniev/Projects/www/goztepe-volleyball-scraper/backend/VolleyballScraper.Tests/Services/StandingsScraperServiceTests.cs:line 22
   at System.RuntimeType.CreateInstanceDefaultCtor(Boolean publicOnly, Boolean wrapExceptions)
----- Inner Stack Trace -----
   at System.RuntimeType.CreateInstanceImpl(BindingFlags bindingAttr, Binder binder, Object[] args, CultureInfo culture)
   at Castle.DynamicProxy.ProxyGenerator.CreateClassProxyInstance(Type proxyType, List`1 proxyArguments, Type classToProxy, Object[] constructorArguments)</StackTrace>
        </ErrorInfo>
      </Output>
    </UnitTestResult>
    <UnitTestResult executionId="c5cf3c06-6ed5-41fa-94ef-4c095d90e13b" testId="358389d7-780a-3e63-d862-cf475743d353" testName="VolleyballScraper.Tests.Integration.StandingsApiIntegrationTests.GetStandings_ShouldReturn200_WithValidRequest" computerName="Evrens-MacBook-Pro-2" duration="00:00:00.0022977" startTime="2026-04-11T14:59:13.2345230+02:00" endTime="2026-04-11T14:59:13.2367890+02:00" testType="13cdc9d9-ddb5-4fa4-a97d-d965ccfc6d4b" outcome="Failed" testListId="8c84fa94-04c1-424b-9868-57a2d4851a1d" relativeResultsDirectory="c5cf3c06-6ed5-41fa-94ef-4c095d90e13b">
      <Output>
        <ErrorInfo>
          <Message>System.Text.Json.JsonException : The JSON value could not be converted to System.Collections.Generic.List`1[VolleyballScraper.Api.Models.Standings.Competition]. Path: $ | LineNumber: 0 | BytePositionInLine: 1.</Message>
          <StackTrace>   at System.Text.Json.ThrowHelper.ThrowJsonException_DeserializeUnableToConvertValue(Type propertyType)
   at System.Text.Json.Serialization.JsonCollectionConverter`2.OnTryRead(Utf8JsonReader&amp; reader, Type typeToConvert, JsonSerializerOptions options, ReadStack&amp; state, TCollection&amp; value)
   at System.Text.Json.Serialization.JsonConverter`1.TryRead(Utf8JsonReader&amp; reader, Type typeToConvert, JsonSerializerOptions options, ReadStack&amp; state, T&amp; value, Boolean&amp; isPopulatedValue)
   at System.Text.Json.Serialization.JsonConverter`1.ReadCore(Utf8JsonReader&amp; reader, T&amp; value, JsonSerializerOptions options, ReadStack&amp; state)
   at System.Text.Json.Serialization.Metadata.JsonTypeInfo`1.ContinueDeserialize[TReadBufferState,TStream](TReadBufferState&amp; bufferState, JsonReaderState&amp; jsonReaderState, ReadStack&amp; readStack, T&amp; value)
   at System.Text.Json.Serialization.Metadata.JsonTypeInfo`1.DeserializeAsync[TReadBufferState,TStream](TStream utf8Json, TReadBufferState bufferState, CancellationToken cancellationToken)
   at System.Net.Http.Json.HttpContentJsonExtensions.ReadFromJsonAsyncCore[T](HttpContent content, JsonSerializerOptions options, CancellationToken cancellationToken)
   at VolleyballScraper.Tests.Integration.StandingsApiIntegrationTests.GetStandings_ShouldReturn200_WithValidRequest() in /Users/evrenyeniev/Projects/www/goztepe-volleyball-scraper/backend/VolleyballScraper.Tests/Integration/StandingsApiIntegrationTests.cs:line 74
--- End of stack trace from previous location ---</StackTrace>
        </ErrorInfo>
      </Output>
    </UnitTestResult>
    <UnitTestResult executionId="5a37703e-67cb-45f6-bb87-789fdc402aeb" testId="74f22482-e31a-3bd1-3aad-553dc84c41fe" testName="VolleyballScraper.Tests.Services.StandingsScraperServiceTests.GetCompetitionsAsync_ShouldReturnCachedResults_WhenCacheHit(seasonId: &quot;2024-2025&quot;, category: &quot;BB&quot;, leagueCode: &quot;BBSL&quot;)" computerName="Evrens-MacBook-Pro-2" duration="00:00:00.0010000" startTime="2026-04-11T14:59:09.6952310+02:00" endTime="2026-04-11T14:59:09.6955780+02:00" testType="13cdc9d9-ddb5-4fa4-a97d-d965ccfc6d4b" outcome="Failed" testListId="8c84fa94-04c1-424b-9868-57a2d4851a1d" relativeResultsDirectory="5a37703e-67cb-45f6-bb87-789fdc402aeb">
      <Output>
        <ErrorInfo>
          <Message>System.ArgumentException : Can not instantiate proxy of class: VolleyballScraper.Api.Services.StandingsCacheService.
Could not find a parameterless constructor. (Parameter 'constructorArguments')
---- System.MissingMethodException : Constructor on type 'Castle.Proxies.StandingsCacheServiceProxy' not found.</Message>
          <StackTrace>   at Castle.DynamicProxy.ProxyGenerator.CreateClassProxyInstance(Type proxyType, List`1 proxyArguments, Type classToProxy, Object[] constructorArguments)
   at Castle.DynamicProxy.ProxyGenerator.CreateClassProxy(Type classToProxy, Type[] additionalInterfacesToProxy, ProxyGenerationOptions options, Object[] constructorArguments, IInterceptor[] interceptors)
   at Moq.CastleProxyFactory.CreateProxy(Type mockType, IInterceptor interceptor, Type[] interfaces, Object[] arguments) in /_/src/Moq/Interception/CastleProxyFactory.cs:line 62
   at Moq.Mock`1.InitializeInstance() in /_/src/Moq/Mock`1.cs:line 309
   at Moq.Mock`1.OnGetObject() in /_/src/Moq/Mock`1.cs:line 323
   at Moq.Mock.get_Object() in /_/src/Moq/Mock.cs:line 181
   at Moq.Mock`1.get_Object() in /_/src/Moq/Mock`1.cs:line 281
   at VolleyballScraper.Tests.Services.StandingsScraperServiceTests..ctor() in /Users/evrenyeniev/Projects/www/goztepe-volleyball-scraper/backend/VolleyballScraper.Tests/Services/StandingsScraperServiceTests.cs:line 22
   at System.RuntimeType.CreateInstanceDefaultCtor(Boolean publicOnly, Boolean wrapExceptions)
----- Inner Stack Trace -----
   at System.RuntimeType.CreateInstanceImpl(BindingFlags bindingAttr, Binder binder, Object[] args, CultureInfo culture)
   at Castle.DynamicProxy.ProxyGenerator.CreateClassProxyInstance(Type proxyType, List`1 proxyArguments, Type classToProxy, Object[] constructorArguments)</StackTrace>
        </ErrorInfo>
      </Output>
    </UnitTestResult>
    <UnitTestResult executionId="29edf012-7886-45f7-8909-51d4994ac0e6" testId="73dff34b-c674-4221-c40c-49ad34cc2980" testName="VolleyballScraper.Tests.Controllers.StandingsControllerTests.GetStandings_ShouldReturnBadRequest_WhenRequiredFieldsMissing(seasonId: &quot;2025&quot;, category: &quot;GK&quot;, leagueCode: &quot;GKSL&quot;, competitionName: &quot;&quot;)" computerName="Evrens-MacBook-Pro-2" duration="00:00:00.0010000" startTime="2026-04-11T14:59:09.6941200+02:00" endTime="2026-04-11T14:59:09.6941470+02:00" testType="13cdc9d9-ddb5-4fa4-a97d-d965ccfc6d4b" outcome="Failed" testListId="8c84fa94-04c1-424b-9868-57a2d4851a1d" relativeResultsDirectory="29edf012-7886-45f7-8909-51d4994ac0e6">
      <Output>
        <ErrorInfo>
          <Message>System.ArgumentException : Can not instantiate proxy of class: VolleyballScraper.Api.Services.StandingsScraperService.
Could not find a parameterless constructor. (Parameter 'constructorArguments')
---- System.MissingMethodException : Constructor on type 'Castle.Proxies.StandingsScraperServiceProxy' not found.</Message>
          <StackTrace>   at Castle.DynamicProxy.ProxyGenerator.CreateClassProxyInstance(Type proxyType, List`1 proxyArguments, Type classToProxy, Object[] constructorArguments)
   at Castle.DynamicProxy.ProxyGenerator.CreateClassProxy(Type classToProxy, Type[] additionalInterfacesToProxy, ProxyGenerationOptions options, Object[] constructorArguments, IInterceptor[] interceptors)
   at Moq.CastleProxyFactory.CreateProxy(Type mockType, IInterceptor interceptor, Type[] interfaces, Object[] arguments) in /_/src/Moq/Interception/CastleProxyFactory.cs:line 62
   at Moq.Mock`1.InitializeInstance() in /_/src/Moq/Mock`1.cs:line 309
   at Moq.Mock`1.OnGetObject() in /_/src/Moq/Mock`1.cs:line 323
   at Moq.Mock.get_Object() in /_/src/Moq/Mock.cs:line 181
   at Moq.Mock`1.get_Object() in /_/src/Moq/Mock`1.cs:line 281
   at VolleyballScraper.Tests.Controllers.StandingsControllerTests..ctor() in /Users/evrenyeniev/Projects/www/goztepe-volleyball-scraper/backend/VolleyballScraper.Tests/Controllers/StandingsControllerTests.cs:line 21
   at System.RuntimeType.CreateInstanceDefaultCtor(Boolean publicOnly, Boolean wrapExceptions)
----- Inner Stack Trace -----
   at System.RuntimeType.CreateInstanceImpl(BindingFlags bindingAttr, Binder binder, Object[] args, CultureInfo culture)
   at Castle.DynamicProxy.ProxyGenerator.CreateClassProxyInstance(Type proxyType, List`1 proxyArguments, Type classToProxy, Object[] constructorArguments)</StackTrace>
        </ErrorInfo>
      </Output>
    </UnitTestResult>
    <UnitTestResult executionId="c7f9c8f7-d2d4-4616-8038-fa8c41257727" testId="b41143f1-e01e-6ebb-bd62-2ea1ea94e195" testName="VolleyballScraper.Tests.Services.StandingsScraperServiceTests.GetCompetitionsAsync_ShouldThrowArgumentException_WhenSeasonIdInvalid(invalidSeasonId: &quot;&quot;)" computerName="Evrens-MacBook-Pro-2" duration="00:00:00.0010000" startTime="2026-04-11T14:59:09.7122140+02:00" endTime="2026-04-11T14:59:09.7125750+02:00" testType="13cdc9d9-ddb5-4fa4-a97d-d965ccfc6d4b" outcome="Failed" testListId="8c84fa94-04c1-424b-9868-57a2d4851a1d" relativeResultsDirectory="c7f9c8f7-d2d4-4616-8038-fa8c41257727">
      <Output>
        <ErrorInfo>
          <Message>System.ArgumentException : Can not instantiate proxy of class: VolleyballScraper.Api.Services.StandingsCacheService.
Could not find a parameterless constructor. (Parameter 'constructorArguments')
---- System.MissingMethodException : Constructor on type 'Castle.Proxies.StandingsCacheServiceProxy' not found.</Message>
          <StackTrace>   at Castle.DynamicProxy.ProxyGenerator.CreateClassProxyInstance(Type proxyType, List`1 proxyArguments, Type classToProxy, Object[] constructorArguments)
   at Castle.DynamicProxy.ProxyGenerator.CreateClassProxy(Type classToProxy, Type[] additionalInterfacesToProxy, ProxyGenerationOptions options, Object[] constructorArguments, IInterceptor[] interceptors)
   at Moq.CastleProxyFactory.CreateProxy(Type mockType, IInterceptor interceptor, Type[] interfaces, Object[] arguments) in /_/src/Moq/Interception/CastleProxyFactory.cs:line 62
   at Moq.Mock`1.InitializeInstance() in /_/src/Moq/Mock`1.cs:line 309
   at Moq.Mock`1.OnGetObject() in /_/src/Moq/Mock`1.cs:line 323
   at Moq.Mock.get_Object() in /_/src/Moq/Mock.cs:line 181
   at Moq.Mock`1.get_Object() in /_/src/Moq/Mock`1.cs:line 281
   at VolleyballScraper.Tests.Services.StandingsScraperServiceTests..ctor() in /Users/evrenyeniev/Projects/www/goztepe-volleyball-scraper/backend/VolleyballScraper.Tests/Services/StandingsScraperServiceTests.cs:line 22
   at System.RuntimeType.CreateInstanceDefaultCtor(Boolean publicOnly, Boolean wrapExceptions)
----- Inner Stack Trace -----
   at System.RuntimeType.CreateInstanceImpl(BindingFlags bindingAttr, Binder binder, Object[] args, CultureInfo culture)
   at Castle.DynamicProxy.ProxyGenerator.CreateClassProxyInstance(Type proxyType, List`1 proxyArguments, Type classToProxy, Object[] constructorArguments)</StackTrace>
        </ErrorInfo>
      </Output>
    </UnitTestResult>
    <UnitTestResult executionId="acdbf0a9-4553-4169-af94-64f2ad303edd" testId="25ca0231-3fb1-9dda-8e4c-cb49153765f4" testName="VolleyballScraper.Tests.Controllers.StandingsControllerTests.GetStandings_ShouldReturnBadRequest_WhenRequiredFieldsMissing(seasonId: &quot;&quot;, category: &quot;GK&quot;, leagueCode: &quot;GKSL&quot;, competitionName: &quot;comp&quot;)" computerName="Evrens-MacBook-Pro-2" duration="00:00:00.0010000" startTime="2026-04-11T14:59:09.6952050+02:00" endTime="2026-04-11T14:59:09.6952600+02:00" testType="13cdc9d9-ddb5-4fa4-a97d-d965ccfc6d4b" outcome="Failed" testListId="8c84fa94-04c1-424b-9868-57a2d4851a1d" relativeResultsDirectory="acdbf0a9-4553-4169-af94-64f2ad303edd">
      <Output>
        <ErrorInfo>
          <Message>System.ArgumentException : Can not instantiate proxy of class: VolleyballScraper.Api.Services.StandingsScraperService.
Could not find a parameterless constructor. (Parameter 'constructorArguments')
---- System.MissingMethodException : Constructor on type 'Castle.Proxies.StandingsScraperServiceProxy' not found.</Message>
          <StackTrace>   at Castle.DynamicProxy.ProxyGenerator.CreateClassProxyInstance(Type proxyType, List`1 proxyArguments, Type classToProxy, Object[] constructorArguments)
   at Castle.DynamicProxy.ProxyGenerator.CreateClassProxy(Type classToProxy, Type[] additionalInterfacesToProxy, ProxyGenerationOptions options, Object[] constructorArguments, IInterceptor[] interceptors)
   at Moq.CastleProxyFactory.CreateProxy(Type mockType, IInterceptor interceptor, Type[] interfaces, Object[] arguments) in /_/src/Moq/Interception/CastleProxyFactory.cs:line 62
   at Moq.Mock`1.InitializeInstance() in /_/src/Moq/Mock`1.cs:line 309
   at Moq.Mock`1.OnGetObject() in /_/src/Moq/Mock`1.cs:line 323
   at Moq.Mock.get_Object() in /_/src/Moq/Mock.cs:line 181
   at Moq.Mock`1.get_Object() in /_/src/Moq/Mock`1.cs:line 281
   at VolleyballScraper.Tests.Controllers.StandingsControllerTests..ctor() in /Users/evrenyeniev/Projects/www/goztepe-volleyball-scraper/backend/VolleyballScraper.Tests/Controllers/StandingsControllerTests.cs:line 21
   at System.RuntimeType.CreateInstanceDefaultCtor(Boolean publicOnly, Boolean wrapExceptions)
----- Inner Stack Trace -----
   at System.RuntimeType.CreateInstanceImpl(BindingFlags bindingAttr, Binder binder, Object[] args, CultureInfo culture)
   at Castle.DynamicProxy.ProxyGenerator.CreateClassProxyInstance(Type proxyType, List`1 proxyArguments, Type classToProxy, Object[] constructorArguments)</StackTrace>
        </ErrorInfo>
      </Output>
    </UnitTestResult>
    <UnitTestResult executionId="b405f20a-de7e-4665-850b-826e71978d25" testId="b95c3201-b019-460a-ede9-eef502f008b8" testName="VolleyballScraper.Tests.Controllers.StandingsControllerTests.GetStandings_ShouldReturnInternalServerError_WhenServiceThrows" computerName="Evrens-MacBook-Pro-2" duration="00:00:00.0010000" startTime="2026-04-11T14:59:09.6309690+02:00" endTime="2026-04-11T14:59:09.6847620+02:00" testType="13cdc9d9-ddb5-4fa4-a97d-d965ccfc6d4b" outcome="Failed" testListId="8c84fa94-04c1-424b-9868-57a2d4851a1d" relativeResultsDirectory="b405f20a-de7e-4665-850b-826e71978d25">
      <Output>
        <ErrorInfo>
          <Message>System.ArgumentException : Can not instantiate proxy of class: VolleyballScraper.Api.Services.StandingsScraperService.
Could not find a parameterless constructor. (Parameter 'constructorArguments')
---- System.MissingMethodException : Constructor on type 'Castle.Proxies.StandingsScraperServiceProxy' not found.</Message>
          <StackTrace>   at Castle.DynamicProxy.ProxyGenerator.CreateClassProxyInstance(Type proxyType, List`1 proxyArguments, Type classToProxy, Object[] constructorArguments)
   at Castle.DynamicProxy.ProxyGenerator.CreateClassProxy(Type classToProxy, Type[] additionalInterfacesToProxy, ProxyGenerationOptions options, Object[] constructorArguments, IInterceptor[] interceptors)
   at Moq.CastleProxyFactory.CreateProxy(Type mockType, IInterceptor interceptor, Type[] interfaces, Object[] arguments) in /_/src/Moq/Interception/CastleProxyFactory.cs:line 62
   at Moq.Mock`1.InitializeInstance() in /_/src/Moq/Mock`1.cs:line 309
   at Moq.Mock`1.OnGetObject() in /_/src/Moq/Mock`1.cs:line 323
   at Moq.Mock.get_Object() in /_/src/Moq/Mock.cs:line 181
   at Moq.Mock`1.get_Object() in /_/src/Moq/Mock`1.cs:line 281
   at VolleyballScraper.Tests.Controllers.StandingsControllerTests..ctor() in /Users/evrenyeniev/Projects/www/goztepe-volleyball-scraper/backend/VolleyballScraper.Tests/Controllers/StandingsControllerTests.cs:line 21
   at System.RuntimeType.CreateInstanceDefaultCtor(Boolean publicOnly, Boolean wrapExceptions)
----- Inner Stack Trace -----
   at System.RuntimeType.CreateInstanceImpl(BindingFlags bindingAttr, Binder binder, Object[] args, CultureInfo culture)
   at Castle.DynamicProxy.ProxyGenerator.CreateClassProxyInstance(Type proxyType, List`1 proxyArguments, Type classToProxy, Object[] constructorArguments)</StackTrace>
        </ErrorInfo>
      </Output>
    </UnitTestResult>
    <UnitTestResult executionId="56bc3b78-2f80-42a9-8e45-8d68e1bd7ff2" testId="d31e6825-8ea0-279f-c17e-e41efc5a4e1a" testName="VolleyballScraper.Tests.Controllers.StandingsControllerTests.GetCompetitions_ShouldReturnOkResult_WithValidRequest" computerName="Evrens-MacBook-Pro-2" duration="00:00:00.0010000" startTime="2026-04-11T14:59:09.7125490+02:00" endTime="2026-04-11T14:59:09.7128850+02:00" testType="13cdc9d9-ddb5-4fa4-a97d-d965ccfc6d4b" outcome="Failed" testListId="8c84fa94-04c1-424b-9868-57a2d4851a1d" relativeResultsDirectory="56bc3b78-2f80-42a9-8e45-8d68e1bd7ff2">
      <Output>
        <ErrorInfo>
          <Message>System.ArgumentException : Can not instantiate proxy of class: VolleyballScraper.Api.Services.StandingsScraperService.
Could not find a parameterless constructor. (Parameter 'constructorArguments')
---- System.MissingMethodException : Constructor on type 'Castle.Proxies.StandingsScraperServiceProxy' not found.</Message>
          <StackTrace>   at Castle.DynamicProxy.ProxyGenerator.CreateClassProxyInstance(Type proxyType, List`1 proxyArguments, Type classToProxy, Object[] constructorArguments)
   at Castle.DynamicProxy.ProxyGenerator.CreateClassProxy(Type classToProxy, Type[] additionalInterfacesToProxy, ProxyGenerationOptions options, Object[] constructorArguments, IInterceptor[] interceptors)
   at Moq.CastleProxyFactory.CreateProxy(Type mockType, IInterceptor interceptor, Type[] interfaces, Object[] arguments) in /_/src/Moq/Interception/CastleProxyFactory.cs:line 62
   at Moq.Mock`1.InitializeInstance() in /_/src/Moq/Mock`1.cs:line 309
   at Moq.Mock`1.OnGetObject() in /_/src/Moq/Mock`1.cs:line 323
   at Moq.Mock.get_Object() in /_/src/Moq/Mock.cs:line 181
   at Moq.Mock`1.get_Object() in /_/src/Moq/Mock`1.cs:line 281
   at VolleyballScraper.Tests.Controllers.StandingsControllerTests..ctor() in /Users/evrenyeniev/Projects/www/goztepe-volleyball-scraper/backend/VolleyballScraper.Tests/Controllers/StandingsControllerTests.cs:line 21
   at System.RuntimeType.CreateInstanceDefaultCtor(Boolean publicOnly, Boolean wrapExceptions)
----- Inner Stack Trace -----
   at System.RuntimeType.CreateInstanceImpl(BindingFlags bindingAttr, Binder binder, Object[] args, CultureInfo culture)
   at Castle.DynamicProxy.ProxyGenerator.CreateClassProxyInstance(Type proxyType, List`1 proxyArguments, Type classToProxy, Object[] constructorArguments)</StackTrace>
        </ErrorInfo>
      </Output>
    </UnitTestResult>
    <UnitTestResult executionId="3241a9b8-577a-4663-b2fb-d45b5aa18900" testId="b08bca67-4b26-435b-3c91-d062b5001c78" testName="VolleyballScraper.Tests.Integration.StandingsApiIntegrationTests.GetCompetitions_ShouldHandleInvalidSeasons(seasonId: &quot;invalid-season&quot;)" computerName="Evrens-MacBook-Pro-2" duration="00:00:00.5046724" startTime="2026-04-11T14:59:12.7268130+02:00" endTime="2026-04-11T14:59:13.2315290+02:00" testType="13cdc9d9-ddb5-4fa4-a97d-d965ccfc6d4b" outcome="Passed" testListId="8c84fa94-04c1-424b-9868-57a2d4851a1d" relativeResultsDirectory="3241a9b8-577a-4663-b2fb-d45b5aa18900" />
    <UnitTestResult executionId="1b97a75f-5c2c-4f33-8d15-e54d7241d75c" testId="301d1fc8-0345-2d8b-cf30-e45e713e81e7" testName="VolleyballScraper.Tests.Integration.StandingsApiIntegrationTests.GetStandings_ShouldReturn400_WithInvalidCompetitionName" computerName="Evrens-MacBook-Pro-2" duration="00:00:01.5444192" startTime="2026-04-11T14:59:09.6317170+02:00" endTime="2026-04-11T14:59:11.1799200+02:00" testType="13cdc9d9-ddb5-4fa4-a97d-d965ccfc6d4b" outcome="Passed" testListId="8c84fa94-04c1-424b-9868-57a2d4851a1d" relativeResultsDirectory="1b97a75f-5c2c-4f33-8d15-e54d7241d75c" />
  </Results>
  <TestDefinitions>
    <UnitTest name="VolleyballScraper.Tests.Integration.StandingsApiIntegrationTests.GetStandings_ShouldReturn400_WithInvalidCompetitionName" storage="/users/evrenyeniev/projects/www/goztepe-volleyball-scraper/backend/volleyballscraper.tests/bin/debug/net10.0/volleyballscraper.tests.dll" id="301d1fc8-0345-2d8b-cf30-e45e713e81e7">
      <Execution id="1b97a75f-5c2c-4f33-8d15-e54d7241d75c" />
      <TestMethod codeBase="/Users/evrenyeniev/Projects/www/goztepe-volleyball-scraper/backend/VolleyballScraper.Tests/bin/Debug/net10.0/VolleyballScraper.Tests.dll" adapterTypeName="executor://xunit/VsTestRunner3/netcore/" className="VolleyballScraper.Tests.Integration.StandingsApiIntegrationTests" name="GetStandings_ShouldReturn400_WithInvalidCompetitionName" />
    </UnitTest>
    <UnitTest name="VolleyballScraper.Tests.Controllers.StandingsControllerTests.GetStandings_ShouldReturnBadRequest_WhenRequiredFieldsMissing(seasonId: &quot;2025&quot;, category: &quot;GK&quot;, leagueCode: &quot;GKSL&quot;, competitionName: &quot;&quot;)" storage="/users/evrenyeniev/projects/www/goztepe-volleyball-scraper/backend/volleyballscraper.tests/bin/debug/net10.0/volleyballscraper.tests.dll" id="73dff34b-c674-4221-c40c-49ad34cc2980">
      <Execution id="29edf012-7886-45f7-8909-51d4994ac0e6" />
      <TestMethod codeBase="/Users/evrenyeniev/Projects/www/goztepe-volleyball-scraper/backend/VolleyballScraper.Tests/bin/Debug/net10.0/VolleyballScraper.Tests.dll" adapterTypeName="executor://xunit/VsTestRunner3/netcore/" className="VolleyballScraper.Tests.Controllers.StandingsControllerTests" name="GetStandings_ShouldReturnBadRequest_WhenRequiredFieldsMissing" />
    </UnitTest>
    <UnitTest name="VolleyballScraper.Tests.Integration.StandingsApiIntegrationTests.GetCompetitions_ShouldHandleInvalidSeasons(seasonId: &quot;2020-2021&quot;)" storage="/users/evrenyeniev/projects/www/goztepe-volleyball-scraper/backend/volleyballscraper.tests/bin/debug/net10.0/volleyballscraper.tests.dll" id="4c7cc9ee-ff67-cbc5-4277-95fcd26f3768">
      <Execution id="2aa4ded9-4e28-4889-a041-3b0a7fa8b5d8" />
      <TestMethod codeBase="/Users/evrenyeniev/Projects/www/goztepe-volleyball-scraper/backend/VolleyballScraper.Tests/bin/Debug/net10.0/VolleyballScraper.Tests.dll" adapterTypeName="executor://xunit/VsTestRunner3/netcore/" className="VolleyballScraper.Tests.Integration.StandingsApiIntegrationTests" name="GetCompetitions_ShouldHandleInvalidSeasons" />
    </UnitTest>
    <UnitTest name="VolleyballScraper.Tests.Integration.StandingsApiIntegrationTests.GetCompetitions_ShouldReturn200_WithValidRequest" storage="/users/evrenyeniev/projects/www/goztepe-volleyball-scraper/backend/volleyballscraper.tests/bin/debug/net10.0/volleyballscraper.tests.dll" id="76bf40ca-89ff-9877-50f4-b62ec57b48ce">
      <Execution id="e7054a13-67e2-489e-8c69-198d28ad9cf0" />
      <TestMethod codeBase="/Users/evrenyeniev/Projects/www/goztepe-volleyball-scraper/backend/VolleyballScraper.Tests/bin/Debug/net10.0/VolleyballScraper.Tests.dll" adapterTypeName="executor://xunit/VsTestRunner3/netcore/" className="VolleyballScraper.Tests.Integration.StandingsApiIntegrationTests" name="GetCompetitions_ShouldReturn200_WithValidRequest" />
    </UnitTest>
    <UnitTest name="VolleyballScraper.Tests.Controllers.StandingsControllerTests.GetStandings_ShouldReturnBadRequest_WhenRequiredFieldsMissing(seasonId: &quot;&quot;, category: &quot;GK&quot;, leagueCode: &quot;GKSL&quot;, competitionName: &quot;comp&quot;)" storage="/users/evrenyeniev/projects/www/goztepe-volleyball-scraper/backend/volleyballscraper.tests/bin/debug/net10.0/volleyballscraper.tests.dll" id="25ca0231-3fb1-9dda-8e4c-cb49153765f4">
      <Execution id="acdbf0a9-4553-4169-af94-64f2ad303edd" />
      <TestMethod codeBase="/Users/evrenyeniev/Projects/www/goztepe-volleyball-scraper/backend/VolleyballScraper.Tests/bin/Debug/net10.0/VolleyballScraper.Tests.dll" adapterTypeName="executor://xunit/VsTestRunner3/netcore/" className="VolleyballScraper.Tests.Controllers.StandingsControllerTests" name="GetStandings_ShouldReturnBadRequest_WhenRequiredFieldsMissing" />
    </UnitTest>
    <UnitTest name="VolleyballScraper.Tests.Integration.StandingsApiIntegrationTests.GetStandings_ShouldReturn200_WithValidRequest" storage="/users/evrenyeniev/projects/www/goztepe-volleyball-scraper/backend/volleyballscraper.tests/bin/debug/net10.0/volleyballscraper.tests.dll" id="358389d7-780a-3e63-d862-cf475743d353">
      <Execution id="c5cf3c06-6ed5-41fa-94ef-4c095d90e13b" />
      <TestMethod codeBase="/Users/evrenyeniev/Projects/www/goztepe-volleyball-scraper/backend/VolleyballScraper.Tests/bin/Debug/net10.0/VolleyballScraper.Tests.dll" adapterTypeName="executor://xunit/VsTestRunner3/netcore/" className="VolleyballScraper.Tests.Integration.StandingsApiIntegrationTests" name="GetStandings_ShouldReturn200_WithValidRequest" />
    </UnitTest>
    <UnitTest name="VolleyballScraper.Tests.Controllers.StandingsControllerTests.GetCompetitions_ShouldReturnOkResult_WithValidRequest" storage="/users/evrenyeniev/projects/www/goztepe-volleyball-scraper/backend/volleyballscraper.tests/bin/debug/net10.0/volleyballscraper.tests.dll" id="d31e6825-8ea0-279f-c17e-e41efc5a4e1a">
      <Execution id="56bc3b78-2f80-42a9-8e45-8d68e1bd7ff2" />
      <TestMethod codeBase="/Users/evrenyeniev/Projects/www/goztepe-volleyball-scraper/backend/VolleyballScraper.Tests/bin/Debug/net10.0/VolleyballScraper.Tests.dll" adapterTypeName="executor://xunit/VsTestRunner3/netcore/" className="VolleyballScraper.Tests.Controllers.StandingsControllerTests" name="GetCompetitions_ShouldReturnOkResult_WithValidRequest" />
    </UnitTest>
    <UnitTest name="VolleyballScraper.Tests.Controllers.StandingsControllerTests.GetCompetitions_ShouldReturnBadRequest_WhenModelStateInvalid" storage="/users/evrenyeniev/projects/www/goztepe-volleyball-scraper/backend/volleyballscraper.tests/bin/debug/net10.0/volleyballscraper.tests.dll" id="6d39b852-ae53-0be4-a43f-6b03079b58d4">
      <Execution id="7fb4b6a8-c7a5-4aac-ad55-d7ffc37cc038" />
      <TestMethod codeBase="/Users/evrenyeniev/Projects/www/goztepe-volleyball-scraper/backend/VolleyballScraper.Tests/bin/Debug/net10.0/VolleyballScraper.Tests.dll" adapterTypeName="executor://xunit/VsTestRunner3/netcore/" className="VolleyballScraper.Tests.Controllers.StandingsControllerTests" name="GetCompetitions_ShouldReturnBadRequest_WhenModelStateInvalid" />
    </UnitTest>
    <UnitTest name="VolleyballScraper.Tests.Controllers.StandingsControllerTests.GetStandings_ShouldReturnBadRequest_WhenRequiredFieldsMissing(seasonId: &quot;2025&quot;, category: &quot;GK&quot;, leagueCode: &quot;&quot;, competitionName: &quot;comp&quot;)" storage="/users/evrenyeniev/projects/www/goztepe-volleyball-scraper/backend/volleyballscraper.tests/bin/debug/net10.0/volleyballscraper.tests.dll" id="c22e91ed-b701-d945-e997-68f3e13ff9e2">
      <Execution id="fe2c6312-69ca-4459-aa5b-c53a298fbd73" />
      <TestMethod codeBase="/Users/evrenyeniev/Projects/www/goztepe-volleyball-scraper/backend/VolleyballScraper.Tests/bin/Debug/net10.0/VolleyballScraper.Tests.dll" adapterTypeName="executor://xunit/VsTestRunner3/netcore/" className="VolleyballScraper.Tests.Controllers.StandingsControllerTests" name="GetStandings_ShouldReturnBadRequest_WhenRequiredFieldsMissing" />
    </UnitTest>
    <UnitTest name="VolleyballScraper.Tests.Integration.StandingsApiIntegrationTests.GetCompetitions_ShouldReturn400_WithEmptySeasonId" storage="/users/evrenyeniev/projects/www/goztepe-volleyball-scraper/backend/volleyballscraper.tests/bin/debug/net10.0/volleyballscraper.tests.dll" id="eedd95fb-74a3-530a-0988-b0585aeded57">
      <Execution id="eb6d78d6-a199-499e-ad59-f6221425530b" />
      <TestMethod codeBase="/Users/evrenyeniev/Projects/www/goztepe-volleyball-scraper/backend/VolleyballScraper.Tests/bin/Debug/net10.0/VolleyballScraper.Tests.dll" adapterTypeName="executor://xunit/VsTestRunner3/netcore/" className="VolleyballScraper.Tests.Integration.StandingsApiIntegrationTests" name="GetCompetitions_ShouldReturn400_WithEmptySeasonId" />
    </UnitTest>
    <UnitTest name="VolleyballScraper.Tests.Services.StandingsScraperServiceTests.GetCompetitionsAsync_ShouldThrowArgumentException_WhenSeasonIdInvalid(invalidSeasonId: &quot;   &quot;)" storage="/users/evrenyeniev/projects/www/goztepe-volleyball-scraper/backend/volleyballscraper.tests/bin/debug/net10.0/volleyballscraper.tests.dll" id="09ae88c7-ab14-a484-ea81-9fc90cfcfef6">
      <Execution id="0b6bbe72-26c4-4daf-a02d-ff70b2f515b3" />
      <TestMethod codeBase="/Users/evrenyeniev/Projects/www/goztepe-volleyball-scraper/backend/VolleyballScraper.Tests/bin/Debug/net10.0/VolleyballScraper.Tests.dll" adapterTypeName="executor://xunit/VsTestRunner3/netcore/" className="VolleyballScraper.Tests.Services.StandingsScraperServiceTests" name="GetCompetitionsAsync_ShouldThrowArgumentException_WhenSeasonIdInvalid" />
    </UnitTest>
    <UnitTest name="VolleyballScraper.Tests.Services.StandingsScraperServiceTests.GetCompetitionsAsync_ShouldReturnCachedResults_WhenCacheHit(seasonId: &quot;2024-2025&quot;, category: &quot;BB&quot;, leagueCode: &quot;BBSL&quot;)" storage="/users/evrenyeniev/projects/www/goztepe-volleyball-scraper/backend/volleyballscraper.tests/bin/debug/net10.0/volleyballscraper.tests.dll" id="74f22482-e31a-3bd1-3aad-553dc84c41fe">
      <Execution id="5a37703e-67cb-45f6-bb87-789fdc402aeb" />
      <TestMethod codeBase="/Users/evrenyeniev/Projects/www/goztepe-volleyball-scraper/backend/VolleyballScraper.Tests/bin/Debug/net10.0/VolleyballScraper.Tests.dll" adapterTypeName="executor://xunit/VsTestRunner3/netcore/" className="VolleyballScraper.Tests.Services.StandingsScraperServiceTests" name="GetCompetitionsAsync_ShouldReturnCachedResults_WhenCacheHit" />
    </UnitTest>
    <UnitTest name="VolleyballScraper.Tests.Services.StandingsScraperServiceTests.GetCompetitionsAsync_ShouldThrowArgumentException_WhenSeasonIdInvalid(invalidSeasonId: &quot;&quot;)" storage="/users/evrenyeniev/projects/www/goztepe-volleyball-scraper/backend/volleyballscraper.tests/bin/debug/net10.0/volleyballscraper.tests.dll" id="b41143f1-e01e-6ebb-bd62-2ea1ea94e195">
      <Execution id="c7f9c8f7-d2d4-4616-8038-fa8c41257727" />
      <TestMethod codeBase="/Users/evrenyeniev/Projects/www/goztepe-volleyball-scraper/backend/VolleyballScraper.Tests/bin/Debug/net10.0/VolleyballScraper.Tests.dll" adapterTypeName="executor://xunit/VsTestRunner3/netcore/" className="VolleyballScraper.Tests.Services.StandingsScraperServiceTests" name="GetCompetitionsAsync_ShouldThrowArgumentException_WhenSeasonIdInvalid" />
    </UnitTest>
    <UnitTest name="VolleyballScraper.Tests.Services.StandingsScraperServiceTests.GetCompetitionsAsync_ShouldReturnEmptyList_WhenCacheMissAndHttpFails" storage="/users/evrenyeniev/projects/www/goztepe-volleyball-scraper/backend/volleyballscraper.tests/bin/debug/net10.0/volleyballscraper.tests.dll" id="cc15c092-c826-0184-18fb-19fcf64de139">
      <Execution id="c8bf35e2-d9e6-4b21-a3dc-02eb631b070b" />
      <TestMethod codeBase="/Users/evrenyeniev/Projects/www/goztepe-volleyball-scraper/backend/VolleyballScraper.Tests/bin/Debug/net10.0/VolleyballScraper.Tests.dll" adapterTypeName="executor://xunit/VsTestRunner3/netcore/" className="VolleyballScraper.Tests.Services.StandingsScraperServiceTests" name="GetCompetitionsAsync_ShouldReturnEmptyList_WhenCacheMissAndHttpFails" />
    </UnitTest>
    <UnitTest name="VolleyballScraper.Tests.Services.StandingsScraperServiceTests.GetCompetitionsAsync_ShouldReturnCachedResults_WhenCacheHit(seasonId: &quot;2025-2026&quot;, category: &quot;GK&quot;, leagueCode: &quot;GKSL&quot;)" storage="/users/evrenyeniev/projects/www/goztepe-volleyball-scraper/backend/volleyballscraper.tests/bin/debug/net10.0/volleyballscraper.tests.dll" id="9eed9f0b-3f56-b27d-6393-b09377e390c8">
      <Execution id="4a547106-32c0-42d4-b53e-056b59c76112" />
      <TestMethod codeBase="/Users/evrenyeniev/Projects/www/goztepe-volleyball-scraper/backend/VolleyballScraper.Tests/bin/Debug/net10.0/VolleyballScraper.Tests.dll" adapterTypeName="executor://xunit/VsTestRunner3/netcore/" className="VolleyballScraper.Tests.Services.StandingsScraperServiceTests" name="GetCompetitionsAsync_ShouldReturnCachedResults_WhenCacheHit" />
    </UnitTest>
    <UnitTest name="VolleyballScraper.Tests.Services.StandingsScraperServiceTests.GetCompetitionsAsync_ShouldReturnCachedResults_WhenCacheHit(seasonId: &quot;2023-2024&quot;, category: &quot;YK&quot;, leagueCode: &quot;YK1L&quot;)" storage="/users/evrenyeniev/projects/www/goztepe-volleyball-scraper/backend/volleyballscraper.tests/bin/debug/net10.0/volleyballscraper.tests.dll" id="60752eef-979e-220d-d0ac-4b88f164be42">
      <Execution id="f810e3b4-a65c-40ed-947b-0cc8b97c7c06" />
      <TestMethod codeBase="/Users/evrenyeniev/Projects/www/goztepe-volleyball-scraper/backend/VolleyballScraper.Tests/bin/Debug/net10.0/VolleyballScraper.Tests.dll" adapterTypeName="executor://xunit/VsTestRunner3/netcore/" className="VolleyballScraper.Tests.Services.StandingsScraperServiceTests" name="GetCompetitionsAsync_ShouldReturnCachedResults_WhenCacheHit" />
    </UnitTest>
    <UnitTest name="VolleyballScraper.Tests.Integration.StandingsApiIntegrationTests.GetCompetitions_ShouldHandleInvalidSeasons(seasonId: &quot;&quot;)" storage="/users/evrenyeniev/projects/www/goztepe-volleyball-scraper/backend/volleyballscraper.tests/bin/debug/net10.0/volleyballscraper.tests.dll" id="cdf14b70-9f29-4ea6-c61c-cac6b700dbf5">
      <Execution id="f0b01863-7cbe-4d97-9b74-e6f909733b39" />
      <TestMethod codeBase="/Users/evrenyeniev/Projects/www/goztepe-volleyball-scraper/backend/VolleyballScraper.Tests/bin/Debug/net10.0/VolleyballScraper.Tests.dll" adapterTypeName="executor://xunit/VsTestRunner3/netcore/" className="VolleyballScraper.Tests.Integration.StandingsApiIntegrationTests" name="GetCompetitions_ShouldHandleInvalidSeasons" />
    </UnitTest>
    <UnitTest name="VolleyballScraper.Tests.Integration.StandingsApiIntegrationTests.GetCompetitions_ShouldHandleInvalidSeasons(seasonId: &quot;invalid-season&quot;)" storage="/users/evrenyeniev/projects/www/goztepe-volleyball-scraper/backend/volleyballscraper.tests/bin/debug/net10.0/volleyballscraper.tests.dll" id="b08bca67-4b26-435b-3c91-d062b5001c78">
      <Execution id="3241a9b8-577a-4663-b2fb-d45b5aa18900" />
      <TestMethod codeBase="/Users/evrenyeniev/Projects/www/goztepe-volleyball-scraper/backend/VolleyballScraper.Tests/bin/Debug/net10.0/VolleyballScraper.Tests.dll" adapterTypeName="executor://xunit/VsTestRunner3/netcore/" className="VolleyballScraper.Tests.Integration.StandingsApiIntegrationTests" name="GetCompetitions_ShouldHandleInvalidSeasons" />
    </UnitTest>
    <UnitTest name="VolleyballScraper.Tests.Integration.StandingsApiIntegrationTests.Api_ShouldReturnGoztepeData_WhenGoztepeExists" storage="/users/evrenyeniev/projects/www/goztepe-volleyball-scraper/backend/volleyballscraper.tests/bin/debug/net10.0/volleyballscraper.tests.dll" id="f824d80b-8269-342e-375e-a12a486347d3">
      <Execution id="8c21e4fd-8609-4ef4-a66d-499bd68ca1b9" />
      <TestMethod codeBase="/Users/evrenyeniev/Projects/www/goztepe-volleyball-scraper/backend/VolleyballScraper.Tests/bin/Debug/net10.0/VolleyballScraper.Tests.dll" adapterTypeName="executor://xunit/VsTestRunner3/netcore/" className="VolleyballScraper.Tests.Integration.StandingsApiIntegrationTests" name="Api_ShouldReturnGoztepeData_WhenGoztepeExists" />
    </UnitTest>
    <UnitTest name="VolleyballScraper.Tests.Controllers.StandingsControllerTests.GetStandings_ShouldReturnOkResult_WithValidRequest" storage="/users/evrenyeniev/projects/www/goztepe-volleyball-scraper/backend/volleyballscraper.tests/bin/debug/net10.0/volleyballscraper.tests.dll" id="f8b7538d-4dc9-de3e-0f8d-00e8afb8a753">
      <Execution id="dfa7b731-4120-476f-809d-f8f801ecdb25" />
      <TestMethod codeBase="/Users/evrenyeniev/Projects/www/goztepe-volleyball-scraper/backend/VolleyballScraper.Tests/bin/Debug/net10.0/VolleyballScraper.Tests.dll" adapterTypeName="executor://xunit/VsTestRunner3/netcore/" className="VolleyballScraper.Tests.Controllers.StandingsControllerTests" name="GetStandings_ShouldReturnOkResult_WithValidRequest" />
    </UnitTest>
    <UnitTest name="VolleyballScraper.Tests.Controllers.StandingsControllerTests.GetStandings_ShouldReturnInternalServerError_WhenServiceThrows" storage="/users/evrenyeniev/projects/www/goztepe-volleyball-scraper/backend/volleyballscraper.tests/bin/debug/net10.0/volleyballscraper.tests.dll" id="b95c3201-b019-460a-ede9-eef502f008b8">
      <Execution id="b405f20a-de7e-4665-850b-826e71978d25" />
      <TestMethod codeBase="/Users/evrenyeniev/Projects/www/goztepe-volleyball-scraper/backend/VolleyballScraper.Tests/bin/Debug/net10.0/VolleyballScraper.Tests.dll" adapterTypeName="executor://xunit/VsTestRunner3/netcore/" className="VolleyballScraper.Tests.Controllers.StandingsControllerTests" name="GetStandings_ShouldReturnInternalServerError_WhenServiceThrows" />
    </UnitTest>
    <UnitTest name="VolleyballScraper.Tests.Controllers.StandingsControllerTests.GetStandings_ShouldReturnBadRequest_WhenRequiredFieldsMissing(seasonId: &quot;2025&quot;, category: &quot;&quot;, leagueCode: &quot;GKSL&quot;, competitionName: &quot;comp&quot;)" storage="/users/evrenyeniev/projects/www/goztepe-volleyball-scraper/backend/volleyballscraper.tests/bin/debug/net10.0/volleyballscraper.tests.dll" id="58884c02-51bc-d757-4575-c88583727178">
      <Execution id="29c13166-a0a0-4841-83ab-f54d73a40c84" />
      <TestMethod codeBase="/Users/evrenyeniev/Projects/www/goztepe-volleyball-scraper/backend/VolleyballScraper.Tests/bin/Debug/net10.0/VolleyballScraper.Tests.dll" adapterTypeName="executor://xunit/VsTestRunner3/netcore/" className="VolleyballScraper.Tests.Controllers.StandingsControllerTests" name="GetStandings_ShouldReturnBadRequest_WhenRequiredFieldsMissing" />
    </UnitTest>
  </TestDefinitions>
  <TestEntries>
    <TestEntry testId="60752eef-979e-220d-d0ac-4b88f164be42" executionId="f810e3b4-a65c-40ed-947b-0cc8b97c7c06" testListId="8c84fa94-04c1-424b-9868-57a2d4851a1d" />
    <TestEntry testId="cc15c092-c826-0184-18fb-19fcf64de139" executionId="c8bf35e2-d9e6-4b21-a3dc-02eb631b070b" testListId="8c84fa94-04c1-424b-9868-57a2d4851a1d" />
    <TestEntry testId="4c7cc9ee-ff67-cbc5-4277-95fcd26f3768" executionId="2aa4ded9-4e28-4889-a041-3b0a7fa8b5d8" testListId="8c84fa94-04c1-424b-9868-57a2d4851a1d" />
    <TestEntry testId="58884c02-51bc-d757-4575-c88583727178" executionId="29c13166-a0a0-4841-83ab-f54d73a40c84" testListId="8c84fa94-04c1-424b-9868-57a2d4851a1d" />
    <TestEntry testId="cdf14b70-9f29-4ea6-c61c-cac6b700dbf5" executionId="f0b01863-7cbe-4d97-9b74-e6f909733b39" testListId="8c84fa94-04c1-424b-9868-57a2d4851a1d" />
    <TestEntry testId="c22e91ed-b701-d945-e997-68f3e13ff9e2" executionId="fe2c6312-69ca-4459-aa5b-c53a298fbd73" testListId="8c84fa94-04c1-424b-9868-57a2d4851a1d" />
    <TestEntry testId="f824d80b-8269-342e-375e-a12a486347d3" executionId="8c21e4fd-8609-4ef4-a66d-499bd68ca1b9" testListId="8c84fa94-04c1-424b-9868-57a2d4851a1d" />
    <TestEntry testId="76bf40ca-89ff-9877-50f4-b62ec57b48ce" executionId="e7054a13-67e2-489e-8c69-198d28ad9cf0" testListId="8c84fa94-04c1-424b-9868-57a2d4851a1d" />
    <TestEntry testId="09ae88c7-ab14-a484-ea81-9fc90cfcfef6" executionId="0b6bbe72-26c4-4daf-a02d-ff70b2f515b3" testListId="8c84fa94-04c1-424b-9868-57a2d4851a1d" />
    <TestEntry testId="6d39b852-ae53-0be4-a43f-6b03079b58d4" executionId="7fb4b6a8-c7a5-4aac-ad55-d7ffc37cc038" testListId="8c84fa94-04c1-424b-9868-57a2d4851a1d" />
    <TestEntry testId="f8b7538d-4dc9-de3e-0f8d-00e8afb8a753" executionId="dfa7b731-4120-476f-809d-f8f801ecdb25" testListId="8c84fa94-04c1-424b-9868-57a2d4851a1d" />
    <TestEntry testId="eedd95fb-74a3-530a-0988-b0585aeded57" executionId="eb6d78d6-a199-499e-ad59-f6221425530b" testListId="8c84fa94-04c1-424b-9868-57a2d4851a1d" />
    <TestEntry testId="9eed9f0b-3f56-b27d-6393-b09377e390c8" executionId="4a547106-32c0-42d4-b53e-056b59c76112" testListId="8c84fa94-04c1-424b-9868-57a2d4851a1d" />
    <TestEntry testId="358389d7-780a-3e63-d862-cf475743d353" executionId="c5cf3c06-6ed5-41fa-94ef-4c095d90e13b" testListId="8c84fa94-04c1-424b-9868-57a2d4851a1d" />
    <TestEntry testId="74f22482-e31a-3bd1-3aad-553dc84c41fe" executionId="5a37703e-67cb-45f6-bb87-789fdc402aeb" testListId="8c84fa94-04c1-424b-9868-57a2d4851a1d" />
    <TestEntry testId="73dff34b-c674-4221-c40c-49ad34cc2980" executionId="29edf012-7886-45f7-8909-51d4994ac0e6" testListId="8c84fa94-04c1-424b-9868-57a2d4851a1d" />
    <TestEntry testId="b41143f1-e01e-6ebb-bd62-2ea1ea94e195" executionId="c7f9c8f7-d2d4-4616-8038-fa8c41257727" testListId="8c84fa94-04c1-424b-9868-57a2d4851a1d" />
    <TestEntry testId="25ca0231-3fb1-9dda-8e4c-cb49153765f4" executionId="acdbf0a9-4553-4169-af94-64f2ad303edd" testListId="8c84fa94-04c1-424b-9868-57a2d4851a1d" />
    <TestEntry testId="b95c3201-b019-460a-ede9-eef502f008b8" executionId="b405f20a-de7e-4665-850b-826e71978d25" testListId="8c84fa94-04c1-424b-9868-57a2d4851a1d" />
    <TestEntry testId="d31e6825-8ea0-279f-c17e-e41efc5a4e1a" executionId="56bc3b78-2f80-42a9-8e45-8d68e1bd7ff2" testListId="8c84fa94-04c1-424b-9868-57a2d4851a1d" />
    <TestEntry testId="b08bca67-4b26-435b-3c91-d062b5001c78" executionId="3241a9b8-577a-4663-b2fb-d45b5aa18900" testListId="8c84fa94-04c1-424b-9868-57a2d4851a1d" />
    <TestEntry testId="301d1fc8-0345-2d8b-cf30-e45e713e81e7" executionId="1b97a75f-5c2c-4f33-8d15-e54d7241d75c" testListId="8c84fa94-04c1-424b-9868-57a2d4851a1d" />
  </TestEntries>
  <TestLists>
    <TestList name="Results Not in a List" id="8c84fa94-04c1-424b-9868-57a2d4851a1d" />
    <TestList name="All Loaded Results" id="19431567-8539-422a-85d7-44ee4e166bda" />
  </TestLists>
  <ResultSummary outcome="Failed">
    <Counters total="22" executed="22" passed="3" failed="19" error="0" timeout="0" aborted="0" inconclusive="0" passedButRunAborted="0" notRunnable="0" notExecuted="0" disconnected="0" warning="0" completed="0" inProgress="0" pending="0" />
    <Output>
      <StdOut>[xUnit.net 00:00:00.00] xUnit.net VSTest Adapter v3.1.4+50e68bbb8b (64-bit .NET 10.0.2)
[xUnit.net 00:00:00.09]   Discovering: VolleyballScraper.Tests
[xUnit.net 00:00:00.12]   Discovered:  VolleyballScraper.Tests
[xUnit.net 00:00:00.13]   Starting:    VolleyballScraper.Tests
[xUnit.net 00:00:00.20]       System.ArgumentException : Can not instantiate proxy of class: VolleyballScraper.Api.Services.StandingsScraperService.
[xUnit.net 00:00:00.20]       Could not find a parameterless constructor. (Parameter 'constructorArguments')
[xUnit.net 00:00:00.20]       ---- System.MissingMethodException : Constructor on type 'Castle.Proxies.StandingsScraperServiceProxy' not found.
[xUnit.net 00:00:00.20]       Stack Trace:
[xUnit.net 00:00:00.20]            at Castle.DynamicProxy.ProxyGenerator.CreateClassProxyInstance(Type proxyType, List`1 proxyArguments, Type classToProxy, Object[] constructorArguments)
[xUnit.net 00:00:00.20]            at Castle.DynamicProxy.ProxyGenerator.CreateClassProxy(Type classToProxy, Type[] additionalInterfacesToProxy, ProxyGenerationOptions options, Object[] constructorArguments, IInterceptor[] interceptors)
[xUnit.net 00:00:00.20]         /_/src/Moq/Interception/CastleProxyFactory.cs(62,0): at Moq.CastleProxyFactory.CreateProxy(Type mockType, IInterceptor interceptor, Type[] interfaces, Object[] arguments)
[xUnit.net 00:00:00.20]         /_/src/Moq/Mock`1.cs(309,0): at Moq.Mock`1.InitializeInstance()
[xUnit.net 00:00:00.20]         /_/src/Moq/Mock`1.cs(323,0): at Moq.Mock`1.OnGetObject()
[xUnit.net 00:00:00.20]         /_/src/Moq/Mock.cs(181,0): at Moq.Mock.get_Object()
[xUnit.net 00:00:00.20]         /_/src/Moq/Mock`1.cs(281,0): at Moq.Mock`1.get_Object()
[xUnit.net 00:00:00.20]         /Users/evrenyeniev/Projects/www/goztepe-volleyball-scraper/backend/VolleyballScraper.Tests/Controllers/StandingsControllerTests.cs(21,0): at VolleyballScraper.Tests.Controllers.StandingsControllerTests..ctor()
[xUnit.net 00:00:00.20]            at System.RuntimeType.CreateInstanceDefaultCtor(Boolean publicOnly, Boolean wrapExceptions)
[xUnit.net 00:00:00.20]         ----- Inner Stack Trace -----
[xUnit.net 00:00:00.20]            at System.RuntimeType.CreateInstanceImpl(BindingFlags bindingAttr, Binder binder, Object[] args, CultureInfo culture)
[xUnit.net 00:00:00.20]            at Castle.DynamicProxy.ProxyGenerator.CreateClassProxyInstance(Type proxyType, List`1 proxyArguments, Type classToProxy, Object[] constructorArguments)
[xUnit.net 00:00:00.21]       System.ArgumentException : Can not instantiate proxy of class: VolleyballScraper.Api.Services.StandingsCacheService.
[xUnit.net 00:00:00.21]       Could not find a parameterless constructor. (Parameter 'constructorArguments')
[xUnit.net 00:00:00.21]       ---- System.MissingMethodException : Constructor on type 'Castle.Proxies.StandingsCacheServiceProxy' not found.
[xUnit.net 00:00:00.21]       Stack Trace:
[xUnit.net 00:00:00.21]            at Castle.DynamicProxy.ProxyGenerator.CreateClassProxyInstance(Type proxyType, List`1 proxyArguments, Type classToProxy, Object[] constructorArguments)
[xUnit.net 00:00:00.21]            at Castle.DynamicProxy.ProxyGenerator.CreateClassProxy(Type classToProxy, Type[] additionalInterfacesToProxy, ProxyGenerationOptions options, Object[] constructorArguments, IInterceptor[] interceptors)
[xUnit.net 00:00:00.21]         /_/src/Moq/Interception/CastleProxyFactory.cs(62,0): at Moq.CastleProxyFactory.CreateProxy(Type mockType, IInterceptor interceptor, Type[] interfaces, Object[] arguments)
[xUnit.net 00:00:00.21]         /_/src/Moq/Mock`1.cs(309,0): at Moq.Mock`1.InitializeInstance()
[xUnit.net 00:00:00.21]         /_/src/Moq/Mock`1.cs(323,0): at Moq.Mock`1.OnGetObject()
[xUnit.net 00:00:00.21]         /_/src/Moq/Mock.cs(181,0): at Moq.Mock.get_Object()
[xUnit.net 00:00:00.21]         /_/src/Moq/Mock`1.cs(281,0): at Moq.Mock`1.get_Object()
[xUnit.net 00:00:00.21]         /Users/evrenyeniev/Projects/www/goztepe-volleyball-scraper/backend/VolleyballScraper.Tests/Services/StandingsScraperServiceTests.cs(22,0): at VolleyballScraper.Tests.Services.StandingsScraperServiceTests..ctor()
[xUnit.net 00:00:00.21]            at System.RuntimeType.CreateInstanceDefaultCtor(Boolean publicOnly, Boolean wrapExceptions)
[xUnit.net 00:00:00.21]         ----- Inner Stack Trace -----
[xUnit.net 00:00:00.21]            at System.RuntimeType.CreateInstanceImpl(BindingFlags bindingAttr, Binder binder, Object[] args, CultureInfo culture)
[xUnit.net 00:00:00.21]            at Castle.DynamicProxy.ProxyGenerator.CreateClassProxyInstance(Type proxyType, List`1 proxyArguments, Type classToProxy, Object[] constructorArguments)
[xUnit.net 00:00:00.21]       System.ArgumentException : Can not instantiate proxy of class: VolleyballScraper.Api.Services.StandingsScraperService.
[xUnit.net 00:00:00.21]       Could not find a parameterless constructor. (Parameter 'constructorArguments')
[xUnit.net 00:00:00.21]       ---- System.MissingMethodException : Constructor on type 'Castle.Proxies.StandingsScraperServiceProxy' not found.
[xUnit.net 00:00:00.21]       Stack Trace:
[xUnit.net 00:00:00.21]            at Castle.DynamicProxy.ProxyGenerator.CreateClassProxyInstance(Type proxyType, List`1 proxyArguments, Type classToProxy, Object[] constructorArguments)
[xUnit.net 00:00:00.21]            at Castle.DynamicProxy.ProxyGenerator.CreateClassProxy(Type classToProxy, Type[] additionalInterfacesToProxy, ProxyGenerationOptions options, Object[] constructorArguments, IInterceptor[] interceptors)
[xUnit.net 00:00:00.21]         /_/src/Moq/Interception/CastleProxyFactory.cs(62,0): at Moq.CastleProxyFactory.CreateProxy(Type mockType, IInterceptor interceptor, Type[] interfaces, Object[] arguments)
[xUnit.net 00:00:00.21]         /_/src/Moq/Mock`1.cs(309,0): at Moq.Mock`1.InitializeInstance()
[xUnit.net 00:00:00.21]         /_/src/Moq/Mock`1.cs(323,0): at Moq.Mock`1.OnGetObject()
[xUnit.net 00:00:00.21]         /_/src/Moq/Mock.cs(181,0): at Moq.Mock.get_Object()
[xUnit.net 00:00:00.21]         /_/src/Moq/Mock`1.cs(281,0): at Moq.Mock`1.get_Object()
[xUnit.net 00:00:00.21]         /Users/evrenyeniev/Projects/www/goztepe-volleyball-scraper/backend/VolleyballScraper.Tests/Controllers/StandingsControllerTests.cs(21,0): at VolleyballScraper.Tests.Controllers.StandingsControllerTests..ctor()
[xUnit.net 00:00:00.21]            at System.RuntimeType.CreateInstanceDefaultCtor(Boolean publicOnly, Boolean wrapExceptions)
[xUnit.net 00:00:00.21]         ----- Inner Stack Trace -----
[xUnit.net 00:00:00.21]            at System.RuntimeType.CreateInstanceImpl(BindingFlags bindingAttr, Binder binder, Object[] args, CultureInfo culture)
[xUnit.net 00:00:00.21]            at Castle.DynamicProxy.ProxyGenerator.CreateClassProxyInstance(Type proxyType, List`1 proxyArguments, Type classToProxy, Object[] constructorArguments)
[xUnit.net 00:00:00.21]       System.ArgumentException : Can not instantiate proxy of class: VolleyballScraper.Api.Services.StandingsScraperService.
[xUnit.net 00:00:00.21]       Could not find a parameterless constructor. (Parameter 'constructorArguments')
[xUnit.net 00:00:00.21]       ---- System.MissingMethodException : Constructor on type 'Castle.Proxies.StandingsScraperServiceProxy' not found.
[xUnit.net 00:00:00.21]       Stack Trace:
[xUnit.net 00:00:00.21]            at Castle.DynamicProxy.ProxyGenerator.CreateClassProxyInstance(Type proxyType, List`1 proxyArguments, Type classToProxy, Object[] constructorArguments)
[xUnit.net 00:00:00.21]            at Castle.DynamicProxy.ProxyGenerator.CreateClassProxy(Type classToProxy, Type[] additionalInterfacesToProxy, ProxyGenerationOptions options, Object[] constructorArguments, IInterceptor[] interceptors)
[xUnit.net 00:00:00.21]         /_/src/Moq/Interception/CastleProxyFactory.cs(62,0): at Moq.CastleProxyFactory.CreateProxy(Type mockType, IInterceptor interceptor, Type[] interfaces, Object[] arguments)
[xUnit.net 00:00:00.21]         /_/src/Moq/Mock`1.cs(309,0): at Moq.Mock`1.InitializeInstance()
[xUnit.net 00:00:00.21]         /_/src/Moq/Mock`1.cs(323,0): at Moq.Mock`1.OnGetObject()
[xUnit.net 00:00:00.21]         /_/src/Moq/Mock.cs(181,0): at Moq.Mock.get_Object()
[xUnit.net 00:00:00.21]         /_/src/Moq/Mock`1.cs(281,0): at Moq.Mock`1.get_Object()
[xUnit.net 00:00:00.21]         /Users/evrenyeniev/Projects/www/goztepe-volleyball-scraper/backend/VolleyballScraper.Tests/Controllers/StandingsControllerTests.cs(21,0): at VolleyballScraper.Tests.Controllers.StandingsControllerTests..ctor()
[xUnit.net 00:00:00.21]            at System.RuntimeType.CreateInstanceDefaultCtor(Boolean publicOnly, Boolean wrapExceptions)
[xUnit.net 00:00:00.21]         ----- Inner Stack Trace -----
[xUnit.net 00:00:00.21]            at System.RuntimeType.CreateInstanceImpl(BindingFlags bindingAttr, Binder binder, Object[] args, CultureInfo culture)
[xUnit.net 00:00:00.21]            at Castle.DynamicProxy.ProxyGenerator.CreateClassProxyInstance(Type proxyType, List`1 proxyArguments, Type classToProxy, Object[] constructorArguments)
[xUnit.net 00:00:00.21]       System.ArgumentException : Can not instantiate proxy of class: VolleyballScraper.Api.Services.StandingsCacheService.
[xUnit.net 00:00:00.21]       Could not find a parameterless constructor. (Parameter 'constructorArguments')
[xUnit.net 00:00:00.21]       ---- System.MissingMethodException : Constructor on type 'Castle.Proxies.StandingsCacheServiceProxy' not found.
[xUnit.net 00:00:00.21]       Stack Trace:
[xUnit.net 00:00:00.21]            at Castle.DynamicProxy.ProxyGenerator.CreateClassProxyInstance(Type proxyType, List`1 proxyArguments, Type classToProxy, Object[] constructorArguments)
[xUnit.net 00:00:00.21]            at Castle.DynamicProxy.ProxyGenerator.CreateClassProxy(Type classToProxy, Type[] additionalInterfacesToProxy, ProxyGenerationOptions options, Object[] constructorArguments, IInterceptor[] interceptors)
[...]
[xUnit.net 00:00:02.75]            at System.Text.Json.Serialization.JsonConverter`1.ReadCore(Utf8JsonReader&amp; reader, T&amp; value, JsonSerializerOptions options, ReadStack&amp; state)
[xUnit.net 00:00:02.75]            at System.Text.Json.Serialization.Metadata.JsonTypeInfo`1.ContinueDeserialize[TReadBufferState,TStream](TReadBufferState&amp; bufferState, JsonReaderState&amp; jsonReaderState, ReadStack&amp; readStack, T&amp; value)
[xUnit.net 00:00:02.75]            at System.Text.Json.Serialization.Metadata.JsonTypeInfo`1.DeserializeAsync[TReadBufferState,TStream](TStream utf8Json, TReadBufferState bufferState, CancellationToken cancellationToken)
[xUnit.net 00:00:02.75]            at System.Net.Http.Json.HttpContentJsonExtensions.ReadFromJsonAsyncCore[T](HttpContent content, JsonSerializerOptions options, CancellationToken cancellationToken)
[xUnit.net 00:00:02.75]         /Users/evrenyeniev/Projects/www/goztepe-volleyball-scraper/backend/VolleyballScraper.Tests/Integration/StandingsApiIntegrationTests.cs(159,0): at VolleyballScraper.Tests.Integration.StandingsApiIntegrationTests.Api_ShouldReturnGoztepeData_WhenGoztepeExists()
[xUnit.net 00:00:02.75]         --- End of stack trace from previous location ---
info: VolleyballScraper.Api.Services.StandingsCacheService[0]
      Standings cache MISS: competitions:2020-2021:GK:GKSL
info: System.Net.Http.HttpClient.StandingsClient.LogicalHandler[100]
      Start processing HTTP request GET https://izmir.voleyboliltemsilciligi.com/PuanDurumu
info: System.Net.Http.HttpClient.StandingsClient.ClientHandler[100]
      Sending HTTP request GET https://izmir.voleyboliltemsilciligi.com/PuanDurumu
info: System.Net.Http.HttpClient.StandingsClient.ClientHandler[101]
      Received HTTP response headers after 90.3877ms - 200
info: System.Net.Http.HttpClient.StandingsClient.LogicalHandler[101]
      End processing HTTP request after 90.4361ms - 200
info: VolleyballScraper.Api.Services.StandingsScraperService[0]
      [Standings] VIEWSTATE retrieved for competitions.
info: System.Net.Http.HttpClient.StandingsClient.LogicalHandler[100]
      Start processing HTTP request POST https://izmir.voleyboliltemsilciligi.com/PuanDurumu
info: System.Net.Http.HttpClient.StandingsClient.ClientHandler[100]
      Sending HTTP request POST https://izmir.voleyboliltemsilciligi.com/PuanDurumu
info: System.Net.Http.HttpClient.StandingsClient.ClientHandler[101]
      Received HTTP response headers after 91.5991ms - 200
info: System.Net.Http.HttpClient.StandingsClient.LogicalHandler[101]
      End processing HTTP request after 91.6667ms - 200
info: System.Net.Http.HttpClient.StandingsClient.LogicalHandler[100]
      Start processing HTTP request POST https://izmir.voleyboliltemsilciligi.com/PuanDurumu
info: System.Net.Http.HttpClient.StandingsClient.ClientHandler[100]
      Sending HTTP request POST https://izmir.voleyboliltemsilciligi.com/PuanDurumu
info: System.Net.Http.HttpClient.StandingsClient.ClientHandler[101]
      Received HTTP response headers after 104.2902ms - 200
info: System.Net.Http.HttpClient.StandingsClient.LogicalHandler[101]
      End processing HTTP request after 104.3411ms - 200
info: System.Net.Http.HttpClient.StandingsClient.LogicalHandler[100]
      Start processing HTTP request POST https://izmir.voleyboliltemsilciligi.com/PuanDurumu
info: System.Net.Http.HttpClient.StandingsClient.ClientHandler[100]
      Sending HTTP request POST https://izmir.voleyboliltemsilciligi.com/PuanDurumu
info: System.Net.Http.HttpClient.StandingsClient.ClientHandler[101]
      Received HTTP response headers after 104.3616ms - 200
info: System.Net.Http.HttpClient.StandingsClient.LogicalHandler[101]
      End processing HTTP request after 104.4165ms - 200
info: System.Net.Http.HttpClient.StandingsClient.LogicalHandler[100]
      Start processing HTTP request POST https://izmir.voleyboliltemsilciligi.com/PuanDurumu
info: System.Net.Http.HttpClient.StandingsClient.ClientHandler[100]
      Sending HTTP request POST https://izmir.voleyboliltemsilciligi.com/PuanDurumu
info: System.Net.Http.HttpClient.StandingsClient.ClientHandler[101]
      Received HTTP response headers after 88.7815ms - 200
info: System.Net.Http.HttpClient.StandingsClient.LogicalHandler[101]
      End processing HTTP request after 88.8316ms - 200
info: VolleyballScraper.Api.Services.StandingsScraperService[0]
      [Standings] Found 14 competitions for GKSL.
info: VolleyballScraper.Api.Services.StandingsCacheService[0]
      Standings cache SET: competitions:2020-2021:GK:GKSL → 14 competitions, 720h valid
info: VolleyballScraper.Api.Services.StandingsCacheService[0]
      Standings cache MISS: competitions:invalid-season:GK:GKSL
info: System.Net.Http.HttpClient.StandingsClient.LogicalHandler[100]
      Start processing HTTP request GET https://izmir.voleyboliltemsilciligi.com/PuanDurumu
info: System.Net.Http.HttpClient.StandingsClient.ClientHandler[100]
      Sending HTTP request GET https://izmir.voleyboliltemsilciligi.com/PuanDurumu
info: System.Net.Http.HttpClient.StandingsClient.ClientHandler[101]
      Received HTTP response headers after 89.1231ms - 200
info: System.Net.Http.HttpClient.StandingsClient.LogicalHandler[101]
      End processing HTTP request after 89.1685ms - 200
info: VolleyballScraper.Api.Services.StandingsScraperService[0]
      [Standings] VIEWSTATE retrieved for competitions.
info: System.Net.Http.HttpClient.StandingsClient.LogicalHandler[100]
      Start processing HTTP request POST https://izmir.voleyboliltemsilciligi.com/PuanDurumu
info: System.Net.Http.HttpClient.StandingsClient.ClientHandler[100]
      Sending HTTP request POST https://izmir.voleyboliltemsilciligi.com/PuanDurumu
info: System.Net.Http.HttpClient.StandingsClient.ClientHandler[101]
      Received HTTP response headers after 91.3631ms - 200
info: System.Net.Http.HttpClient.StandingsClient.LogicalHandler[101]
      End processing HTTP request after 91.4111ms - 200
info: System.Net.Http.HttpClient.StandingsClient.LogicalHandler[100]
      Start processing HTTP request POST https://izmir.voleyboliltemsilciligi.com/PuanDurumu
info: System.Net.Http.HttpClient.StandingsClient.ClientHandler[100]
      Sending HTTP request POST https://izmir.voleyboliltemsilciligi.com/PuanDurumu
info: System.Net.Http.HttpClient.StandingsClient.ClientHandler[101]
      Received HTTP response headers after 107.5444ms - 200
info: System.Net.Http.HttpClient.StandingsClient.LogicalHandler[101]
      End processing HTTP request after 107.5906ms - 200
info: System.Net.Http.HttpClient.StandingsClient.LogicalHandler[100]
      Start processing HTTP request POST https://izmir.voleyboliltemsilciligi.com/PuanDurumu
info: System.Net.Http.HttpClient.StandingsClient.ClientHandler[100]
      Sending HTTP request POST https://izmir.voleyboliltemsilciligi.com/PuanDurumu
info: System.Net.Http.HttpClient.StandingsClient.ClientHandler[101]
      Received HTTP response headers after 105.0771ms - 200
info: System.Net.Http.HttpClient.StandingsClient.LogicalHandler[101]
      End processing HTTP request after 105.1217ms - 200
info: System.Net.Http.HttpClient.StandingsClient.LogicalHandler[100]
      Start processing HTTP request POST https://izmir.voleyboliltemsilciligi.com/PuanDurumu
info: System.Net.Http.HttpClient.StandingsClient.ClientHandler[100]
      Sending HTTP request POST https://izmir.voleyboliltemsilciligi.com/PuanDurumu
info: System.Net.Http.HttpClient.StandingsClient.ClientHandler[101]
      Received HTTP response headers after 90.2185ms - 200
info: System.Net.Http.HttpClient.StandingsClient.LogicalHandler[101]
      End processing HTTP request after 90.26ms - 200
info: VolleyballScraper.Api.Services.StandingsScraperService[0]
      [Standings] Found 14 competitions for GKSL.
info: VolleyballScraper.Api.Services.StandingsCacheService[0]
      Standings cache SET: competitions:invalid-season:GK:GKSL → 14 competitions, 720h valid
info: VolleyballScraper.Api.Services.StandingsCacheService[0]
      Standings cache HIT: competitions::GK:GKSL
[xUnit.net 00:00:03.75]       Expected the enum to be HttpStatusCode.BadRequest {value: 400}, but found HttpStatusCode.OK {value: 200}.
[xUnit.net 00:00:03.75]       Stack Trace:
[xUnit.net 00:00:03.75]            at FluentAssertions.Primitives.EnumAssertions`2.Be(TEnum expected, String because, Object[] becauseArgs)
[xUnit.net 00:00:03.75]         /Users/evrenyeniev/Projects/www/goztepe-volleyball-scraper/backend/VolleyballScraper.Tests/Integration/StandingsApiIntegrationTests.cs(138,0): at VolleyballScraper.Tests.Integration.StandingsApiIntegrationTests.GetCompetitions_ShouldHandleInvalidSeasons(String seasonId)
[xUnit.net 00:00:03.75]         --- End of stack trace from previous location ---
info: VolleyballScraper.Api.Services.StandingsCacheService[0]
      Standings cache HIT: competitions:2025-2026:GK:GKSL
[xUnit.net 00:00:03.75]       System.Text.Json.JsonException : The JSON value could not be converted to System.Collections.Generic.List`1[VolleyballScraper.Api.Models.Standings.Competition]. Path: $ | LineNumber: 0 | BytePositionInLine: 1.
[xUnit.net 00:00:03.75]       Stack Trace:
[xUnit.net 00:00:03.75]            at System.Text.Json.ThrowHelper.ThrowJsonException_DeserializeUnableToConvertValue(Type propertyType)
[xUnit.net 00:00:03.75]            at System.Text.Json.Serialization.JsonCollectionConverter`2.OnTryRead(Utf8JsonReader&amp; reader, Type typeToConvert, JsonSerializerOptions options, ReadStack&amp; state, TCollection&amp; value)
[xUnit.net 00:00:03.75]            at System.Text.Json.Serialization.JsonConverter`1.TryRead(Utf8JsonReader&amp; reader, Type typeToConvert, JsonSerializerOptions options, ReadStack&amp; state, T&amp; value, Boolean&amp; isPopulatedValue)
[xUnit.net 00:00:03.75]            at System.Text.Json.Serialization.JsonConverter`1.ReadCore(Utf8JsonReader&amp; reader, T&amp; value, JsonSerializerOptions options, ReadStack&amp; state)
[xUnit.net 00:00:03.75]            at System.Text.Json.Serialization.Metadata.JsonTypeInfo`1.ContinueDeserialize[TReadBufferState,TStream](TReadBufferState&amp; bufferState, JsonReaderState&amp; jsonReaderState, ReadStack&amp; readStack, T&amp; value)
[xUnit.net 00:00:03.75]            at System.Text.Json.Serialization.Metadata.JsonTypeInfo`1.DeserializeAsync[TReadBufferState,TStream](TStream utf8Json, TReadBufferState bufferState, CancellationToken cancellationToken)
[xUnit.net 00:00:03.75]            at System.Net.Http.Json.HttpContentJsonExtensions.ReadFromJsonAsyncCore[T](HttpContent content, JsonSerializerOptions options, CancellationToken cancellationToken)
[xUnit.net 00:00:03.75]         /Users/evrenyeniev/Projects/www/goztepe-volleyball-scraper/backend/VolleyballScraper.Tests/Integration/StandingsApiIntegrationTests.cs(74,0): at VolleyballScraper.Tests.Integration.StandingsApiIntegrationTests.GetStandings_ShouldReturn200_WithValidRequest()
[xUnit.net 00:00:03.75]         --- End of stack trace from previous location ---
info: VolleyballScraper.Api.Services.StandingsCacheService[0]
      Standings cache HIT: competitions:2025-2026:GK:GKSL
[xUnit.net 00:00:03.76]       System.Text.Json.JsonException : The JSON value could not be converted to System.Collections.Generic.List`1[VolleyballScraper.Api.Models.Standings.Competition]. Path: $ | LineNumber: 0 | BytePositionInLine: 1.
[xUnit.net 00:00:03.76]       Stack Trace:
[xUnit.net 00:00:03.76]            at System.Text.Json.ThrowHelper.ThrowJsonException_DeserializeUnableToConvertValue(Type propertyType)
[xUnit.net 00:00:03.76]            at System.Text.Json.Serialization.JsonCollectionConverter`2.OnTryRead(Utf8JsonReader&amp; reader, Type typeToConvert, JsonSerializerOptions options, ReadStack&amp; state, TCollection&amp; value)
[xUnit.net 00:00:03.76]            at System.Text.Json.Serialization.JsonConverter`1.TryRead(Utf8JsonReader&amp; reader, Type typeToConvert, JsonSerializerOptions options, ReadStack&amp; state, T&amp; value, Boolean&amp; isPopulatedValue)
[xUnit.net 00:00:03.76]            at System.Text.Json.Serialization.JsonConverter`1.ReadCore(Utf8JsonReader&amp; reader, T&amp; value, JsonSerializerOptions options, ReadStack&amp; state)
[xUnit.net 00:00:03.76]            at System.Text.Json.Serialization.Metadata.JsonTypeInfo`1.ContinueDeserialize[TReadBufferState,TStream](TReadBufferState&amp; bufferState, JsonReaderState&amp; jsonReaderState, ReadStack&amp; readStack, T&amp; value)
[xUnit.net 00:00:03.76]            at System.Text.Json.Serialization.Metadata.JsonTypeInfo`1.DeserializeAsync[TReadBufferState,TStream](TStream utf8Json, TReadBufferState bufferState, CancellationToken cancellationToken)
[xUnit.net 00:00:03.76]            at System.Net.Http.Json.HttpContentJsonExtensions.ReadFromJsonAsyncCore[T](HttpContent content, JsonSerializerOptions options, CancellationToken cancellationToken)
[xUnit.net 00:00:03.76]         /Users/evrenyeniev/Projects/www/goztepe-volleyball-scraper/backend/VolleyballScraper.Tests/Integration/StandingsApiIntegrationTests.cs(37,0): at VolleyballScraper.Tests.Integration.StandingsApiIntegrationTests.GetCompetitions_ShouldReturn200_WithValidRequest()
[xUnit.net 00:00:03.76]         --- End of stack trace from previous location ---
info: Microsoft.Hosting.Lifetime[0]
      Application is shutting down...
[xUnit.net 00:00:03.76]   Finished:    VolleyballScraper.Tests
</StdOut>
    </Output>
    <RunInfos>
      <RunInfo computerName="Evrens-MacBook-Pro-2" outcome="Error" timestamp="2026-04-11T14:59:09.6873100+02:00">
        <Text>[xUnit.net 00:00:00.20]     VolleyballScraper.Tests.Controllers.StandingsControllerTests.GetStandings_ShouldReturnInternalServerError_WhenServiceThrows [FAIL]</Text>
      </RunInfo>
      <RunInfo computerName="Evrens-MacBook-Pro-2" outcome="Error" timestamp="2026-04-11T14:59:09.6900190+02:00">
        <Text>[xUnit.net 00:00:00.21]     VolleyballScraper.Tests.Services.StandingsScraperServiceTests.GetCompetitionsAsync_ShouldReturnCachedResults_WhenCacheHit(seasonId: "2025-2026", category: "GK", leagueCode: "GKSL") [FAIL]</Text>
      </RunInfo>
      <RunInfo computerName="Evrens-MacBook-Pro-2" outcome="Error" timestamp="2026-04-11T14:59:09.6944080+02:00">
        <Text>[xUnit.net 00:00:00.21]     VolleyballScraper.Tests.Controllers.StandingsControllerTests.GetStandings_ShouldReturnBadRequest_WhenRequiredFieldsMissing(seasonId: "2025", category: "GK", leagueCode: "GKSL", competitionName: "") [FAIL]</Text>
      </RunInfo>
      <RunInfo computerName="Evrens-MacBook-Pro-2" outcome="Error" timestamp="2026-04-11T14:59:09.6948170+02:00">
        <Text>[xUnit.net 00:00:00.21]     VolleyballScraper.Tests.Controllers.StandingsControllerTests.GetStandings_ShouldReturnBadRequest_WhenRequiredFieldsMissing(seasonId: "2025", category: "", leagueCode: "GKSL", competitionName: "comp") [FAIL]</Text>
      </RunInfo>
      <RunInfo computerName="Evrens-MacBook-Pro-2" outcome="Error" timestamp="2026-04-11T14:59:09.6953120+02:00">
        <Text>[xUnit.net 00:00:00.21]     VolleyballScraper.Tests.Services.StandingsScraperServiceTests.GetCompetitionsAsync_ShouldReturnCachedResults_WhenCacheHit(seasonId: "2023-2024", category: "YK", leagueCode: "YK1L") [FAIL]</Text>
      </RunInfo>
      <RunInfo computerName="Evrens-MacBook-Pro-2" outcome="Error" timestamp="2026-04-11T14:59:09.6958540+02:00">
        <Text>[xUnit.net 00:00:00.21]     VolleyballScraper.Tests.Controllers.StandingsControllerTests.GetStandings_ShouldReturnBadRequest_WhenRequiredFieldsMissing(seasonId: "", category: "GK", leagueCode: "GKSL", competitionName: "comp") [FAIL]</Text>
      </RunInfo>
      <RunInfo computerName="Evrens-MacBook-Pro-2" outcome="Error" timestamp="2026-04-11T14:59:09.6962990+02:00">
        <Text>[xUnit.net 00:00:00.21]     VolleyballScraper.Tests.Services.StandingsScraperServiceTests.GetCompetitionsAsync_ShouldReturnCachedResults_WhenCacheHit(seasonId: "2024-2025", category: "BB", leagueCode: "BBSL") [FAIL]</Text>
      </RunInfo>
      <RunInfo computerName="Evrens-MacBook-Pro-2" outcome="Error" timestamp="2026-04-11T14:59:09.7440890+02:00">
        <Text>[xUnit.net 00:00:00.23]     VolleyballScraper.Tests.Controllers.StandingsControllerTests.GetStandings_ShouldReturnBadRequest_WhenRequiredFieldsMissing(seasonId: "2025", category: "GK", leagueCode: "", competitionName: "comp") [FAIL]</Text>
      </RunInfo>
      <RunInfo computerName="Evrens-MacBook-Pro-2" outcome="Error" timestamp="2026-04-11T14:59:09.7443350+02:00">
        <Text>[xUnit.net 00:00:00.23]     VolleyballScraper.Tests.Services.StandingsScraperServiceTests.GetCompetitionsAsync_ShouldReturnEmptyList_WhenCacheMissAndHttpFails [FAIL]</Text>
      </RunInfo>
      <RunInfo computerName="Evrens-MacBook-Pro-2" outcome="Error" timestamp="2026-04-11T14:59:09.7444420+02:00">
        <Text>[xUnit.net 00:00:00.23]     VolleyballScraper.Tests.Controllers.StandingsControllerTests.GetCompetitions_ShouldReturnBadRequest_WhenModelStateInvalid [FAIL]</Text>
      </RunInfo>
      <RunInfo computerName="Evrens-MacBook-Pro-2" outcome="Error" timestamp="2026-04-11T14:59:09.7447310+02:00">
        <Text>[xUnit.net 00:00:00.23]     VolleyballScraper.Tests.Services.StandingsScraperServiceTests.GetCompetitionsAsync_ShouldThrowArgumentException_WhenSeasonIdInvalid(invalidSeasonId: "") [FAIL]</Text>
      </RunInfo>
      <RunInfo computerName="Evrens-MacBook-Pro-2" outcome="Error" timestamp="2026-04-11T14:59:09.7448460+02:00">
        <Text>[xUnit.net 00:00:00.23]     VolleyballScraper.Tests.Controllers.StandingsControllerTests.GetCompetitions_ShouldReturnOkResult_WithValidRequest [FAIL]</Text>
      </RunInfo>
      <RunInfo computerName="Evrens-MacBook-Pro-2" outcome="Error" timestamp="2026-04-11T14:59:09.7450120+02:00">
        <Text>[xUnit.net 00:00:00.23]     VolleyballScraper.Tests.Services.StandingsScraperServiceTests.GetCompetitionsAsync_ShouldThrowArgumentException_WhenSeasonIdInvalid(invalidSeasonId: "   ") [FAIL]</Text>
      </RunInfo>
      <RunInfo computerName="Evrens-MacBook-Pro-2" outcome="Error" timestamp="2026-04-11T14:59:09.7451450+02:00">
        <Text>[xUnit.net 00:00:00.23]     VolleyballScraper.Tests.Controllers.StandingsControllerTests.GetStandings_ShouldReturnOkResult_WithValidRequest [FAIL]</Text>
      </RunInfo>
      <RunInfo computerName="Evrens-MacBook-Pro-2" outcome="Error" timestamp="2026-04-11T14:59:11.7143120+02:00">
        <Text>[xUnit.net 00:00:02.23]     VolleyballScraper.Tests.Integration.StandingsApiIntegrationTests.GetCompetitions_ShouldReturn400_WithEmptySeasonId [FAIL]</Text>
      </RunInfo>
      <RunInfo computerName="Evrens-MacBook-Pro-2" outcome="Error" timestamp="2026-04-11T14:59:12.2286410+02:00">
        <Text>[xUnit.net 00:00:02.74]     VolleyballScraper.Tests.Integration.StandingsApiIntegrationTests.Api_ShouldReturnGoztepeData_WhenGoztepeExists [FAIL]</Text>
      </RunInfo>
      <RunInfo computerName="Evrens-MacBook-Pro-2" outcome="Error" timestamp="2026-04-11T14:59:13.2342990+02:00">
        <Text>[xUnit.net 00:00:03.75]     VolleyballScraper.Tests.Integration.StandingsApiIntegrationTests.GetCompetitions_ShouldHandleInvalidSeasons(seasonId: "") [FAIL]</Text>
      </RunInfo>
      <RunInfo computerName="Evrens-MacBook-Pro-2" outcome="Error" timestamp="2026-04-11T14:59:13.2370010+02:00">
        <Text>[xUnit.net 00:00:03.75]     VolleyballScraper.Tests.Integration.StandingsApiIntegrationTests.GetStandings_ShouldReturn200_WithValidRequest [FAIL]</Text>
      </RunInfo>
      <RunInfo computerName="Evrens-MacBook-Pro-2" outcome="Error" timestamp="2026-04-11T14:59:13.2390670+02:00">
        <Text>[xUnit.net 00:00:03.76]     VolleyballScraper.Tests.Integration.StandingsApiIntegrationTests.GetCompetitions_ShouldReturn200_WithValidRequest [FAIL]</Text>
      </RunInfo>
    </RunInfos>
  </ResultSummary>
</TestRun>